<?xml version="1.0" encoding="UTF-8"?>
<!-- Generated by org.testng.reporters.JUnitXMLReporter -->
<testsuite ignored="0" hostname="DESKTOP-R7FF1R2" failures="4" tests="4" name="Default test" time="49.948" errors="0" timestamp="2025-12-05T13:03:47 IST">
  <testcase classname="io.cucumber.testng.AbstractTestNGCucumberTests" name="runScenario" time="15.639">
    <failure type="java.lang.StackOverflowError">
      <![CDATA[java.lang.StackOverflowError
at java.base/java.io.FileInputStream.open(FileInputStream.java:215)
at java.base/java.io.FileInputStream.<init>(FileInputStream.java:152)
at java.base/java.io.FileInputStream.<init>(FileInputStream.java:106)
at Reader.PropertyReader.getProperty(PropertyReader.java:11)
at Reader.PropertyReader.getProperty(PropertyReader.java:16)
at Reader.PropertyReader.getProperty(PropertyReader.java:16)
at Reader.PropertyReader.getProperty(PropertyReader.java:16)
at Reader.PropertyReader.getProperty(PropertyReader.java:16)
at Reader.PropertyReader.getProperty(PropertyReader.java:16)
at Reader.PropertyReader.getProperty(PropertyReader.java:16)
at Reader.PropertyReader.getProperty(PropertyReader.java:16)
at Reader.PropertyReader.getProperty(PropertyReader.java:16)
at Reader.PropertyReader.getProperty(PropertyReader.java:16)
at Reader.PropertyReader.getProperty(PropertyReader.java:16)
at Reader.PropertyReader.getProperty(PropertyReader.java:16)
at Reader.PropertyReader.getProperty(PropertyReader.java:16)
at Reader.PropertyReader.getProperty(PropertyReader.java:16)
at Reader.PropertyReader.getProperty(PropertyReader.java:16)
at Reader.PropertyReader.getProperty(PropertyReader.java:16)
at Reader.PropertyReader.getProperty(PropertyReader.java:16)
at Reader.PropertyReader.getProperty(PropertyReader.java:16)
at Reader.PropertyReader.getProperty(PropertyReader.java:16)
at Reader.PropertyReader.getProperty(PropertyReader.java:16)
at Reader.PropertyReader.getProperty(PropertyReader.java:16)
at Reader.PropertyReader.getProperty(PropertyReader.java:16)
at Reader.PropertyReader.getProperty(PropertyReader.java:16)
at Reader.PropertyReader.getProperty(PropertyReader.java:16)
at Reader.PropertyReader.getProperty(PropertyReader.java:16)
at Reader.PropertyReader.getProperty(PropertyReader.java:16)
at Reader.PropertyReader.getProperty(PropertyReader.java:16)
at Reader.PropertyReader.getProperty(PropertyReader.java:16)
at Reader.PropertyReader.getProperty(PropertyReader.java:16)
at Reader.PropertyReader.getProperty(PropertyReader.java:16)
at Reader.PropertyReader.getProperty(PropertyReader.java:16)
at Reader.PropertyReader.getProperty(PropertyReader.java:16)
at Reader.PropertyReader.getProperty(PropertyReader.java:16)
at Reader.PropertyReader.getProperty(PropertyReader.java:16)
at Reader.PropertyReader.getProperty(PropertyReader.java:16)
at Reader.PropertyReader.getProperty(PropertyReader.java:16)
at Reader.PropertyReader.getProperty(PropertyReader.java:16)
at Reader.PropertyReader.getProperty(PropertyReader.java:16)
at Reader.PropertyReader.getProperty(PropertyReader.java:16)
at Reader.PropertyReader.getProperty(PropertyReader.java:16)
at Reader.PropertyReader.getProperty(PropertyReader.java:16)
at Reader.PropertyReader.getProperty(PropertyReader.java:16)
at Reader.PropertyReader.getProperty(PropertyReader.java:16)
at Reader.PropertyReader.getProperty(PropertyReader.java:16)
at Reader.PropertyReader.getProperty(PropertyReader.java:16)
at Reader.PropertyReader.getProperty(PropertyReader.java:16)
at Reader.PropertyReader.getProperty(PropertyReader.java:16)
at Reader.PropertyReader.getProperty(PropertyReader.java:16)
at Reader.PropertyReader.getProperty(PropertyReader.java:16)
at Reader.PropertyReader.getProperty(PropertyReader.java:16)
at Reader.PropertyReader.getProperty(PropertyReader.java:16)
at Reader.PropertyReader.getProperty(PropertyReader.java:16)
at Reader.PropertyReader.getProperty(PropertyReader.java:16)
at Reader.PropertyReader.getProperty(PropertyReader.java:16)
at Reader.PropertyReader.getProperty(PropertyReader.java:16)
at Reader.PropertyReader.getProperty(PropertyReader.java:16)
at Reader.PropertyReader.getProperty(PropertyReader.java:16)
at Reader.PropertyReader.getProperty(PropertyReader.java:16)
at Reader.PropertyReader.getProperty(PropertyReader.java:16)
at Reader.PropertyReader.getProperty(PropertyReader.java:16)
at Reader.PropertyReader.getProperty(PropertyReader.java:16)
at Reader.PropertyReader.getProperty(PropertyReader.java:16)
at Reader.PropertyReader.getProperty(PropertyReader.java:16)
at Reader.PropertyReader.getProperty(PropertyReader.java:16)
at Reader.PropertyReader.getProperty(PropertyReader.java:16)
at Reader.PropertyReader.getProperty(PropertyReader.java:16)
at Reader.PropertyReader.getProperty(PropertyReader.java:16)
at Reader.PropertyReader.getProperty(PropertyReader.java:16)
at Reader.PropertyReader.getProperty(PropertyReader.java:16)
at Reader.PropertyReader.getProperty(PropertyReader.java:16)
at Reader.PropertyReader.getProperty(PropertyReader.java:16)
at Reader.PropertyReader.getProperty(PropertyReader.java:16)
at Reader.PropertyReader.getProperty(PropertyReader.java:16)
at Reader.PropertyReader.getProperty(PropertyReader.java:16)
at Reader.PropertyReader.getProperty(PropertyReader.java:16)
at Reader.PropertyReader.getProperty(PropertyReader.java:16)
at Reader.PropertyReader.getProperty(PropertyReader.java:16)
at Reader.PropertyReader.getProperty(PropertyReader.java:16)
at Reader.PropertyReader.getProperty(PropertyReader.java:16)
at Reader.PropertyReader.getProperty(PropertyReader.java:16)
at Reader.PropertyReader.getProperty(PropertyReader.java:16)
at Reader.PropertyReader.getProperty(PropertyReader.java:16)
at Reader.PropertyReader.getProperty(PropertyReader.java:16)
at Reader.PropertyReader.getProperty(PropertyReader.java:16)
at Reader.PropertyReader.getProperty(PropertyReader.java:16)
at Reader.PropertyReader.getProperty(PropertyReader.java:16)
at Reader.PropertyReader.getProperty(PropertyReader.java:16)
at Reader.PropertyReader.getProperty(PropertyReader.java:16)
at Reader.PropertyReader.getProperty(PropertyReader.java:16)
at Reader.PropertyReader.getProperty(PropertyReader.java:16)
at Reader.PropertyReader.getProperty(PropertyReader.java:16)
at Reader.PropertyReader.getProperty(PropertyReader.java:16)
at Reader.PropertyReader.getProperty(PropertyReader.java:16)
at Reader.PropertyReader.getProperty(PropertyReader.java:16)
at Reader.PropertyReader.getProperty(PropertyReader.java:16)
at Reader.PropertyReader.getProperty(PropertyReader.java:16)
at Reader.PropertyReader.getProperty(PropertyReader.java:16)
at Reader.PropertyReader.getProperty(PropertyReader.java:16)
at Reader.PropertyReader.getProperty(PropertyReader.java:16)
at Reader.PropertyReader.getProperty(PropertyReader.java:16)
at Reader.PropertyReader.getProperty(PropertyReader.java:16)
at Reader.PropertyReader.getProperty(PropertyReader.java:16)
at Reader.PropertyReader.getProperty(PropertyReader.java:16)
at Reader.PropertyReader.getProperty(PropertyReader.java:16)
at Reader.PropertyReader.getProperty(PropertyReader.java:16)
at Reader.PropertyReader.getProperty(PropertyReader.java:16)
at Reader.PropertyReader.getProperty(PropertyReader.java:16)
at Reader.PropertyReader.getProperty(PropertyReader.java:16)
at Reader.PropertyReader.getProperty(PropertyReader.java:16)
at Reader.PropertyReader.getProperty(PropertyReader.java:16)
at Reader.PropertyReader.getProperty(PropertyReader.java:16)
at Reader.PropertyReader.getProperty(PropertyReader.java:16)
at Reader.PropertyReader.getProperty(PropertyReader.java:16)
at Reader.PropertyReader.getProperty(PropertyReader.java:16)
at Reader.PropertyReader.getProperty(PropertyReader.java:16)
at Reader.PropertyReader.getProperty(PropertyReader.java:16)
at Reader.PropertyReader.getProperty(PropertyReader.java:16)
at Reader.PropertyReader.getProperty(PropertyReader.java:16)
at Reader.PropertyReader.getProperty(PropertyReader.java:16)
at Reader.PropertyReader.getProperty(PropertyReader.java:16)
at Reader.PropertyReader.getProperty(PropertyReader.java:16)
at Reader.PropertyReader.getProperty(PropertyReader.java:16)
at Reader.PropertyReader.getProperty(PropertyReader.java:16)
at Reader.PropertyReader.getProperty(PropertyReader.java:16)
at Reader.PropertyReader.getProperty(PropertyReader.java:16)
at Reader.PropertyReader.getProperty(PropertyReader.java:16)
at Reader.PropertyReader.getProperty(PropertyReader.java:16)
at Reader.PropertyReader.getProperty(PropertyReader.java:16)
at Reader.PropertyReader.getProperty(PropertyReader.java:16)
at Reader.PropertyReader.getProperty(PropertyReader.java:16)
at Reader.PropertyReader.getProperty(PropertyReader.java:16)
at Reader.PropertyReader.getProperty(PropertyReader.java:16)
at Reader.PropertyReader.getProperty(PropertyReader.java:16)
at Reader.PropertyReader.getProperty(PropertyReader.java:16)
at Reader.PropertyReader.getProperty(PropertyReader.java:16)
at Reader.PropertyReader.getProperty(PropertyReader.java:16)
at Reader.PropertyReader.getProperty(PropertyReader.java:16)
at Reader.PropertyReader.getProperty(PropertyReader.java:16)
at Reader.PropertyReader.getProperty(PropertyReader.java:16)
at Reader.PropertyReader.getProperty(PropertyReader.java:16)
at Reader.PropertyReader.getProperty(PropertyReader.java:16)
at Reader.PropertyReader.getProperty(PropertyReader.java:16)
at Reader.PropertyReader.getProperty(PropertyReader.java:16)
at Reader.PropertyReader.getProperty(PropertyReader.java:16)
at Reader.PropertyReader.getProperty(PropertyReader.java:16)
at Reader.PropertyReader.getProperty(PropertyReader.java:16)
at Reader.PropertyReader.getProperty(PropertyReader.java:16)
at Reader.PropertyReader.getProperty(PropertyReader.java:16)
at Reader.PropertyReader.getProperty(PropertyReader.java:16)
at Reader.PropertyReader.getProperty(PropertyReader.java:16)
at Reader.PropertyReader.getProperty(PropertyReader.java:16)
at Reader.PropertyReader.getProperty(PropertyReader.java:16)
at Reader.PropertyReader.getProperty(PropertyReader.java:16)
at Reader.PropertyReader.getProperty(PropertyReader.java:16)
at Reader.PropertyReader.getProperty(PropertyReader.java:16)
at Reader.PropertyReader.getProperty(PropertyReader.java:16)
at Reader.PropertyReader.getProperty(PropertyReader.java:16)
at Reader.PropertyReader.getProperty(PropertyReader.java:16)
at Reader.PropertyReader.getProperty(PropertyReader.java:16)
at Reader.PropertyReader.getProperty(PropertyReader.java:16)
at Reader.PropertyReader.getProperty(PropertyReader.java:16)
at Reader.PropertyReader.getProperty(PropertyReader.java:16)
at Reader.PropertyReader.getProperty(PropertyReader.java:16)
at Reader.PropertyReader.getProperty(PropertyReader.java:16)
at Reader.PropertyReader.getProperty(PropertyReader.java:16)
at Reader.PropertyReader.getProperty(PropertyReader.java:16)
at Reader.PropertyReader.getProperty(PropertyReader.java:16)
at Reader.PropertyReader.getProperty(PropertyReader.java:16)
at Reader.PropertyReader.getProperty(PropertyReader.java:16)
at Reader.PropertyReader.getProperty(PropertyReader.java:16)
at Reader.PropertyReader.getProperty(PropertyReader.java:16)
at Reader.PropertyReader.getProperty(PropertyReader.java:16)
at Reader.PropertyReader.getProperty(PropertyReader.java:16)
at Reader.PropertyReader.getProperty(PropertyReader.java:16)
at Reader.PropertyReader.getProperty(PropertyReader.java:16)
at Reader.PropertyReader.getProperty(PropertyReader.java:16)
at Reader.PropertyReader.getProperty(PropertyReader.java:16)
at Reader.PropertyReader.getProperty(PropertyReader.java:16)
at Reader.PropertyReader.getProperty(PropertyReader.java:16)
at Reader.PropertyReader.getProperty(PropertyReader.java:16)
at Reader.PropertyReader.getProperty(PropertyReader.java:16)
at Reader.PropertyReader.getProperty(PropertyReader.java:16)
at Reader.PropertyReader.getProperty(PropertyReader.java:16)
at Reader.PropertyReader.getProperty(PropertyReader.java:16)
at Reader.PropertyReader.getProperty(PropertyReader.java:16)
at Reader.PropertyReader.getProperty(PropertyReader.java:16)
at Reader.PropertyReader.getProperty(PropertyReader.java:16)
at Reader.PropertyReader.getProperty(PropertyReader.java:16)
at Reader.PropertyReader.getProperty(PropertyReader.java:16)
at Reader.PropertyReader.getProperty(PropertyReader.java:16)
at Reader.PropertyReader.getProperty(PropertyReader.java:16)
at Reader.PropertyReader.getProperty(PropertyReader.java:16)
at Reader.PropertyReader.getProperty(PropertyReader.java:16)
at Reader.PropertyReader.getProperty(PropertyReader.java:16)
at Reader.PropertyReader.getProperty(PropertyReader.java:16)
at Reader.PropertyReader.getProperty(PropertyReader.java:16)
at Reader.PropertyReader.getProperty(PropertyReader.java:16)
at Reader.PropertyReader.getProperty(PropertyReader.java:16)
at Reader.PropertyReader.getProperty(PropertyReader.java:16)
at Reader.PropertyReader.getProperty(PropertyReader.java:16)
at Reader.PropertyReader.getProperty(PropertyReader.java:16)
at Reader.PropertyReader.getProperty(PropertyReader.java:16)
at Reader.PropertyReader.getProperty(PropertyReader.java:16)
at Reader.PropertyReader.getProperty(PropertyReader.java:16)
at Reader.PropertyReader.getProperty(PropertyReader.java:16)
at Reader.PropertyReader.getProperty(PropertyReader.java:16)
at Reader.PropertyReader.getProperty(PropertyReader.java:16)
at Reader.PropertyReader.getProperty(PropertyReader.java:16)
at Reader.PropertyReader.getProperty(PropertyReader.java:16)
at Reader.PropertyReader.getProperty(PropertyReader.java:16)
at Reader.PropertyReader.getProperty(PropertyReader.java:16)
at Reader.PropertyReader.getProperty(PropertyReader.java:16)
at Reader.PropertyReader.getProperty(PropertyReader.java:16)
at Reader.PropertyReader.getProperty(PropertyReader.java:16)
at Reader.PropertyReader.getProperty(PropertyReader.java:16)
at Reader.PropertyReader.getProperty(PropertyReader.java:16)
at Reader.PropertyReader.getProperty(PropertyReader.java:16)
at Reader.PropertyReader.getProperty(PropertyReader.java:16)
at Reader.PropertyReader.getProperty(PropertyReader.java:16)
at Reader.PropertyReader.getProperty(PropertyReader.java:16)
at Reader.PropertyReader.getProperty(PropertyReader.java:16)
at Reader.PropertyReader.getProperty(PropertyReader.java:16)
at Reader.PropertyReader.getProperty(PropertyReader.java:16)
at Reader.PropertyReader.getProperty(PropertyReader.java:16)
at Reader.PropertyReader.getProperty(PropertyReader.java:16)
at Reader.PropertyReader.getProperty(PropertyReader.java:16)
at Reader.PropertyReader.getProperty(PropertyReader.java:16)
at Reader.PropertyReader.getProperty(PropertyReader.java:16)
at Reader.PropertyReader.getProperty(PropertyReader.java:16)
at Reader.PropertyReader.getProperty(PropertyReader.java:16)
at Reader.PropertyReader.getProperty(PropertyReader.java:16)
at Reader.PropertyReader.getProperty(PropertyReader.java:16)
at Reader.PropertyReader.getProperty(PropertyReader.java:16)
at Reader.PropertyReader.getProperty(PropertyReader.java:16)
at Reader.PropertyReader.getProperty(PropertyReader.java:16)
at Reader.PropertyReader.getProperty(PropertyReader.java:16)
at Reader.PropertyReader.getProperty(PropertyReader.java:16)
at Reader.PropertyReader.getProperty(PropertyReader.java:16)
at Reader.PropertyReader.getProperty(PropertyReader.java:16)
at Reader.PropertyReader.getProperty(PropertyReader.java:16)
at Reader.PropertyReader.getProperty(PropertyReader.java:16)
at Reader.PropertyReader.getProperty(PropertyReader.java:16)
at Reader.PropertyReader.getProperty(PropertyReader.java:16)
at Reader.PropertyReader.getProperty(PropertyReader.java:16)
at Reader.PropertyReader.getProperty(PropertyReader.java:16)
at Reader.PropertyReader.getProperty(PropertyReader.java:16)
at Reader.PropertyReader.getProperty(PropertyReader.java:16)
at Reader.PropertyReader.getProperty(PropertyReader.java:16)
at Reader.PropertyReader.getProperty(PropertyReader.java:16)
at Reader.PropertyReader.getProperty(PropertyReader.java:16)
at Reader.PropertyReader.getProperty(PropertyReader.java:16)
at Reader.PropertyReader.getProperty(PropertyReader.java:16)
at Reader.PropertyReader.getProperty(PropertyReader.java:16)
at Reader.PropertyReader.getProperty(PropertyReader.java:16)
at Reader.PropertyReader.getProperty(PropertyReader.java:16)
at Reader.PropertyReader.getProperty(PropertyReader.java:16)
at Reader.PropertyReader.getProperty(PropertyReader.java:16)
at Reader.PropertyReader.getProperty(PropertyReader.java:16)
at Reader.PropertyReader.getProperty(PropertyReader.java:16)
at Reader.PropertyReader.getProperty(PropertyReader.java:16)
at Reader.PropertyReader.getProperty(PropertyReader.java:16)
at Reader.PropertyReader.getProperty(PropertyReader.java:16)
at Reader.PropertyReader.getProperty(PropertyReader.java:16)
at Reader.PropertyReader.getProperty(PropertyReader.java:16)
at Reader.PropertyReader.getProperty(PropertyReader.java:16)
at Reader.PropertyReader.getProperty(PropertyReader.java:16)
at Reader.PropertyReader.getProperty(PropertyReader.java:16)
at Reader.PropertyReader.getProperty(PropertyReader.java:16)
at Reader.PropertyReader.getProperty(PropertyReader.java:16)
at Reader.PropertyReader.getProperty(PropertyReader.java:16)
at Reader.PropertyReader.getProperty(PropertyReader.java:16)
at Reader.PropertyReader.getProperty(PropertyReader.java:16)
at Reader.PropertyReader.getProperty(PropertyReader.java:16)
at Reader.PropertyReader.getProperty(PropertyReader.java:16)
at Reader.PropertyReader.getProperty(PropertyReader.java:16)
at Reader.PropertyReader.getProperty(PropertyReader.java:16)
at Reader.PropertyReader.getProperty(PropertyReader.java:16)
at Reader.PropertyReader.getProperty(PropertyReader.java:16)
at Reader.PropertyReader.getProperty(PropertyReader.java:16)
at Reader.PropertyReader.getProperty(PropertyReader.java:16)
at Reader.PropertyReader.getProperty(PropertyReader.java:16)
at Reader.PropertyReader.getProperty(PropertyReader.java:16)
at Reader.PropertyReader.getProperty(PropertyReader.java:16)
at Reader.PropertyReader.getProperty(PropertyReader.java:16)
at Reader.PropertyReader.getProperty(PropertyReader.java:16)
at Reader.PropertyReader.getProperty(PropertyReader.java:16)
at Reader.PropertyReader.getProperty(PropertyReader.java:16)
at Reader.PropertyReader.getProperty(PropertyReader.java:16)
at Reader.PropertyReader.getProperty(PropertyReader.java:16)
at Reader.PropertyReader.getProperty(PropertyReader.java:16)
at Reader.PropertyReader.getProperty(PropertyReader.java:16)
at Reader.PropertyReader.getProperty(PropertyReader.java:16)
at Reader.PropertyReader.getProperty(PropertyReader.java:16)
at Reader.PropertyReader.getProperty(PropertyReader.java:16)
at Reader.PropertyReader.getProperty(PropertyReader.java:16)
at Reader.PropertyReader.getProperty(PropertyReader.java:16)
at Reader.PropertyReader.getProperty(PropertyReader.java:16)
at Reader.PropertyReader.getProperty(PropertyReader.java:16)
at Reader.PropertyReader.getProperty(PropertyReader.java:16)
at Reader.PropertyReader.getProperty(PropertyReader.java:16)
at Reader.PropertyReader.getProperty(PropertyReader.java:16)
at Reader.PropertyReader.getProperty(PropertyReader.java:16)
at Reader.PropertyReader.getProperty(PropertyReader.java:16)
at Reader.PropertyReader.getProperty(PropertyReader.java:16)
at Reader.PropertyReader.getProperty(PropertyReader.java:16)
at Reader.PropertyReader.getProperty(PropertyReader.java:16)
at Reader.PropertyReader.getProperty(PropertyReader.java:16)
at Reader.PropertyReader.getProperty(PropertyReader.java:16)
at Reader.PropertyReader.getProperty(PropertyReader.java:16)
at Reader.PropertyReader.getProperty(PropertyReader.java:16)
at Reader.PropertyReader.getProperty(PropertyReader.java:16)
at Reader.PropertyReader.getProperty(PropertyReader.java:16)
at Reader.PropertyReader.getProperty(PropertyReader.java:16)
at Reader.PropertyReader.getProperty(PropertyReader.java:16)
at Reader.PropertyReader.getProperty(PropertyReader.java:16)
at Reader.PropertyReader.getProperty(PropertyReader.java:16)
at Reader.PropertyReader.getProperty(PropertyReader.java:16)
at Reader.PropertyReader.getProperty(PropertyReader.java:16)
at Reader.PropertyReader.getProperty(PropertyReader.java:16)
at Reader.PropertyReader.getProperty(PropertyReader.java:16)
at Reader.PropertyReader.getProperty(PropertyReader.java:16)
at Reader.PropertyReader.getProperty(PropertyReader.java:16)
at Reader.PropertyReader.getProperty(PropertyReader.java:16)
at Reader.PropertyReader.getProperty(PropertyReader.java:16)
at Reader.PropertyReader.getProperty(PropertyReader.java:16)
at Reader.PropertyReader.getProperty(PropertyReader.java:16)
at Reader.PropertyReader.getProperty(PropertyReader.java:16)
at Reader.PropertyReader.getProperty(PropertyReader.java:16)
at Reader.PropertyReader.getProperty(PropertyReader.java:16)
at Reader.PropertyReader.getProperty(PropertyReader.java:16)
at Reader.PropertyReader.getProperty(PropertyReader.java:16)
at Reader.PropertyReader.getProperty(PropertyReader.java:16)
at Reader.PropertyReader.getProperty(PropertyReader.java:16)
at Reader.PropertyReader.getProperty(PropertyReader.java:16)
at Reader.PropertyReader.getProperty(PropertyReader.java:16)
at Reader.PropertyReader.getProperty(PropertyReader.java:16)
at Reader.PropertyReader.getProperty(PropertyReader.java:16)
at Reader.PropertyReader.getProperty(PropertyReader.java:16)
at Reader.PropertyReader.getProperty(PropertyReader.java:16)
at Reader.PropertyReader.getProperty(PropertyReader.java:16)
at Reader.PropertyReader.getProperty(PropertyReader.java:16)
at Reader.PropertyReader.getProperty(PropertyReader.java:16)
at Reader.PropertyReader.getProperty(PropertyReader.java:16)
at Reader.PropertyReader.getProperty(PropertyReader.java:16)
at Reader.PropertyReader.getProperty(PropertyReader.java:16)
at Reader.PropertyReader.getProperty(PropertyReader.java:16)
at Reader.PropertyReader.getProperty(PropertyReader.java:16)
at Reader.PropertyReader.getProperty(PropertyReader.java:16)
at Reader.PropertyReader.getProperty(PropertyReader.java:16)
at Reader.PropertyReader.getProperty(PropertyReader.java:16)
at Reader.PropertyReader.getProperty(PropertyReader.java:16)
at Reader.PropertyReader.getProperty(PropertyReader.java:16)
at Reader.PropertyReader.getProperty(PropertyReader.java:16)
at Reader.PropertyReader.getProperty(PropertyReader.java:16)
at Reader.PropertyReader.getProperty(PropertyReader.java:16)
at Reader.PropertyReader.getProperty(PropertyReader.java:16)
at Reader.PropertyReader.getProperty(PropertyReader.java:16)
at Reader.PropertyReader.getProperty(PropertyReader.java:16)
at Reader.PropertyReader.getProperty(PropertyReader.java:16)
at Reader.PropertyReader.getProperty(PropertyReader.java:16)
at Reader.PropertyReader.getProperty(PropertyReader.java:16)
at Reader.PropertyReader.getProperty(PropertyReader.java:16)
at Reader.PropertyReader.getProperty(PropertyReader.java:16)
at Reader.PropertyReader.getProperty(PropertyReader.java:16)
at Reader.PropertyReader.getProperty(PropertyReader.java:16)
at Reader.PropertyReader.getProperty(PropertyReader.java:16)
at Reader.PropertyReader.getProperty(PropertyReader.java:16)
at Reader.PropertyReader.getProperty(PropertyReader.java:16)
at Reader.PropertyReader.getProperty(PropertyReader.java:16)
at Reader.PropertyReader.getProperty(PropertyReader.java:16)
at Reader.PropertyReader.getProperty(PropertyReader.java:16)
at Reader.PropertyReader.getProperty(PropertyReader.java:16)
at Reader.PropertyReader.getProperty(PropertyReader.java:16)
at Reader.PropertyReader.getProperty(PropertyReader.java:16)
at Reader.PropertyReader.getProperty(PropertyReader.java:16)
at Reader.PropertyReader.getProperty(PropertyReader.java:16)
at Reader.PropertyReader.getProperty(PropertyReader.java:16)
at Reader.PropertyReader.getProperty(PropertyReader.java:16)
at Reader.PropertyReader.getProperty(PropertyReader.java:16)
at Reader.PropertyReader.getProperty(PropertyReader.java:16)
at Reader.PropertyReader.getProperty(PropertyReader.java:16)
at Reader.PropertyReader.getProperty(PropertyReader.java:16)
at Reader.PropertyReader.getProperty(PropertyReader.java:16)
at Reader.PropertyReader.getProperty(PropertyReader.java:16)
at Reader.PropertyReader.getProperty(PropertyReader.java:16)
at Reader.PropertyReader.getProperty(PropertyReader.java:16)
at Reader.PropertyReader.getProperty(PropertyReader.java:16)
at Reader.PropertyReader.getProperty(PropertyReader.java:16)
at Reader.PropertyReader.getProperty(PropertyReader.java:16)
at Reader.PropertyReader.getProperty(PropertyReader.java:16)
at Reader.PropertyReader.getProperty(PropertyReader.java:16)
at Reader.PropertyReader.getProperty(PropertyReader.java:16)
at Reader.PropertyReader.getProperty(PropertyReader.java:16)
at Reader.PropertyReader.getProperty(PropertyReader.java:16)
at Reader.PropertyReader.getProperty(PropertyReader.java:16)
at Reader.PropertyReader.getProperty(PropertyReader.java:16)
at Reader.PropertyReader.getProperty(PropertyReader.java:16)
at Reader.PropertyReader.getProperty(PropertyReader.java:16)
at Reader.PropertyReader.getProperty(PropertyReader.java:16)
at Reader.PropertyReader.getProperty(PropertyReader.java:16)
at Reader.PropertyReader.getProperty(PropertyReader.java:16)
at Reader.PropertyReader.getProperty(PropertyReader.java:16)
at Reader.PropertyReader.getProperty(PropertyReader.java:16)
at Reader.PropertyReader.getProperty(PropertyReader.java:16)
at Reader.PropertyReader.getProperty(PropertyReader.java:16)
at Reader.PropertyReader.getProperty(PropertyReader.java:16)
at Reader.PropertyReader.getProperty(PropertyReader.java:16)
at Reader.PropertyReader.getProperty(PropertyReader.java:16)
at Reader.PropertyReader.getProperty(PropertyReader.java:16)
at Reader.PropertyReader.getProperty(PropertyReader.java:16)
at Reader.PropertyReader.getProperty(PropertyReader.java:16)
at Reader.PropertyReader.getProperty(PropertyReader.java:16)
at Reader.PropertyReader.getProperty(PropertyReader.java:16)
at Reader.PropertyReader.getProperty(PropertyReader.java:16)
at Reader.PropertyReader.getProperty(PropertyReader.java:16)
at Reader.PropertyReader.getProperty(PropertyReader.java:16)
at Reader.PropertyReader.getProperty(PropertyReader.java:16)
at Reader.PropertyReader.getProperty(PropertyReader.java:16)
at Reader.PropertyReader.getProperty(PropertyReader.java:16)
at Reader.PropertyReader.getProperty(PropertyReader.java:16)
at Reader.PropertyReader.getProperty(PropertyReader.java:16)
at Reader.PropertyReader.getProperty(PropertyReader.java:16)
at Reader.PropertyReader.getProperty(PropertyReader.java:16)
at Reader.PropertyReader.getProperty(PropertyReader.java:16)
at Reader.PropertyReader.getProperty(PropertyReader.java:16)
at Reader.PropertyReader.getProperty(PropertyReader.java:16)
at Reader.PropertyReader.getProperty(PropertyReader.java:16)
at Reader.PropertyReader.getProperty(PropertyReader.java:16)
at Reader.PropertyReader.getProperty(PropertyReader.java:16)
at Reader.PropertyReader.getProperty(PropertyReader.java:16)
at Reader.PropertyReader.getProperty(PropertyReader.java:16)
at Reader.PropertyReader.getProperty(PropertyReader.java:16)
at Reader.PropertyReader.getProperty(PropertyReader.java:16)
at Reader.PropertyReader.getProperty(PropertyReader.java:16)
at Reader.PropertyReader.getProperty(PropertyReader.java:16)
at Reader.PropertyReader.getProperty(PropertyReader.java:16)
at Reader.PropertyReader.getProperty(PropertyReader.java:16)
at Reader.PropertyReader.getProperty(PropertyReader.java:16)
at Reader.PropertyReader.getProperty(PropertyReader.java:16)
at Reader.PropertyReader.getProperty(PropertyReader.java:16)
at Reader.PropertyReader.getProperty(PropertyReader.java:16)
at Reader.PropertyReader.getProperty(PropertyReader.java:16)
at Reader.PropertyReader.getProperty(PropertyReader.java:16)
at Reader.PropertyReader.getProperty(PropertyReader.java:16)
at Reader.PropertyReader.getProperty(PropertyReader.java:16)
at Reader.PropertyReader.getProperty(PropertyReader.java:16)
at Reader.PropertyReader.getProperty(PropertyReader.java:16)
at Reader.PropertyReader.getProperty(PropertyReader.java:16)
at Reader.PropertyReader.getProperty(PropertyReader.java:16)
at Reader.PropertyReader.getProperty(PropertyReader.java:16)
at Reader.PropertyReader.getProperty(PropertyReader.java:16)
at Reader.PropertyReader.getProperty(PropertyReader.java:16)
at Reader.PropertyReader.getProperty(PropertyReader.java:16)
at Reader.PropertyReader.getProperty(PropertyReader.java:16)
at Reader.PropertyReader.getProperty(PropertyReader.java:16)
at Reader.PropertyReader.getProperty(PropertyReader.java:16)
at Reader.PropertyReader.getProperty(PropertyReader.java:16)
at Reader.PropertyReader.getProperty(PropertyReader.java:16)
at Reader.PropertyReader.getProperty(PropertyReader.java:16)
at Reader.PropertyReader.getProperty(PropertyReader.java:16)
at Reader.PropertyReader.getProperty(PropertyReader.java:16)
at Reader.PropertyReader.getProperty(PropertyReader.java:16)
at Reader.PropertyReader.getProperty(PropertyReader.java:16)
at Reader.PropertyReader.getProperty(PropertyReader.java:16)
at Reader.PropertyReader.getProperty(PropertyReader.java:16)
at Reader.PropertyReader.getProperty(PropertyReader.java:16)
at Reader.PropertyReader.getProperty(PropertyReader.java:16)
at Reader.PropertyReader.getProperty(PropertyReader.java:16)
at Reader.PropertyReader.getProperty(PropertyReader.java:16)
at Reader.PropertyReader.getProperty(PropertyReader.java:16)
at Reader.PropertyReader.getProperty(PropertyReader.java:16)
at Reader.PropertyReader.getProperty(PropertyReader.java:16)
at Reader.PropertyReader.getProperty(PropertyReader.java:16)
at Reader.PropertyReader.getProperty(PropertyReader.java:16)
at Reader.PropertyReader.getProperty(PropertyReader.java:16)
at Reader.PropertyReader.getProperty(PropertyReader.java:16)
at Reader.PropertyReader.getProperty(PropertyReader.java:16)
at Reader.PropertyReader.getProperty(PropertyReader.java:16)
at Reader.PropertyReader.getProperty(PropertyReader.java:16)
at Reader.PropertyReader.getProperty(PropertyReader.java:16)
at Reader.PropertyReader.getProperty(PropertyReader.java:16)
at Reader.PropertyReader.getProperty(PropertyReader.java:16)
at Reader.PropertyReader.getProperty(PropertyReader.java:16)
at Reader.PropertyReader.getProperty(PropertyReader.java:16)
at Reader.PropertyReader.getProperty(PropertyReader.java:16)
at Reader.PropertyReader.getProperty(PropertyReader.java:16)
at Reader.PropertyReader.getProperty(PropertyReader.java:16)
at Reader.PropertyReader.getProperty(PropertyReader.java:16)
at Reader.PropertyReader.getProperty(PropertyReader.java:16)
at Reader.PropertyReader.getProperty(PropertyReader.java:16)
at Reader.PropertyReader.getProperty(PropertyReader.java:16)
at Reader.PropertyReader.getProperty(PropertyReader.java:16)
at Reader.PropertyReader.getProperty(PropertyReader.java:16)
at Reader.PropertyReader.getProperty(PropertyReader.java:16)
at Reader.PropertyReader.getProperty(PropertyReader.java:16)
at Reader.PropertyReader.getProperty(PropertyReader.java:16)
at Reader.PropertyReader.getProperty(PropertyReader.java:16)
at Reader.PropertyReader.getProperty(PropertyReader.java:16)
at Reader.PropertyReader.getProperty(PropertyReader.java:16)
at Reader.PropertyReader.getProperty(PropertyReader.java:16)
at Reader.PropertyReader.getProperty(PropertyReader.java:16)
at Reader.PropertyReader.getProperty(PropertyReader.java:16)
at Reader.PropertyReader.getProperty(PropertyReader.java:16)
at Reader.PropertyReader.getProperty(PropertyReader.java:16)
at Reader.PropertyReader.getProperty(PropertyReader.java:16)
at Reader.PropertyReader.getProperty(PropertyReader.java:16)
at Reader.PropertyReader.getProperty(PropertyReader.java:16)
at Reader.PropertyReader.getProperty(PropertyReader.java:16)
at Reader.PropertyReader.getProperty(PropertyReader.java:16)
at Reader.PropertyReader.getProperty(PropertyReader.java:16)
at Reader.PropertyReader.getProperty(PropertyReader.java:16)
at Reader.PropertyReader.getProperty(PropertyReader.java:16)
at Reader.PropertyReader.getProperty(PropertyReader.java:16)
at Reader.PropertyReader.getProperty(PropertyReader.java:16)
at Reader.PropertyReader.getProperty(PropertyReader.java:16)
at Reader.PropertyReader.getProperty(PropertyReader.java:16)
at Reader.PropertyReader.getProperty(PropertyReader.java:16)
at Reader.PropertyReader.getProperty(PropertyReader.java:16)
at Reader.PropertyReader.getProperty(PropertyReader.java:16)
at Reader.PropertyReader.getProperty(PropertyReader.java:16)
at Reader.PropertyReader.getProperty(PropertyReader.java:16)
at Reader.PropertyReader.getProperty(PropertyReader.java:16)
at Reader.PropertyReader.getProperty(PropertyReader.java:16)
at Reader.PropertyReader.getProperty(PropertyReader.java:16)
at Reader.PropertyReader.getProperty(PropertyReader.java:16)
at Reader.PropertyReader.getProperty(PropertyReader.java:16)
at Reader.PropertyReader.getProperty(PropertyReader.java:16)
at Reader.PropertyReader.getProperty(PropertyReader.java:16)
at Reader.PropertyReader.getProperty(PropertyReader.java:16)
at Reader.PropertyReader.getProperty(PropertyReader.java:16)
at Reader.PropertyReader.getProperty(PropertyReader.java:16)
at Reader.PropertyReader.getProperty(PropertyReader.java:16)
at Reader.PropertyReader.getProperty(PropertyReader.java:16)
at Reader.PropertyReader.getProperty(PropertyReader.java:16)
at Reader.PropertyReader.getProperty(PropertyReader.java:16)
at Reader.PropertyReader.getProperty(PropertyReader.java:16)
at Reader.PropertyReader.getProperty(PropertyReader.java:16)
at Reader.PropertyReader.getProperty(PropertyReader.java:16)
at Reader.PropertyReader.getProperty(PropertyReader.java:16)
at Reader.PropertyReader.getProperty(PropertyReader.java:16)
at Reader.PropertyReader.getProperty(PropertyReader.java:16)
at Reader.PropertyReader.getProperty(PropertyReader.java:16)
at Reader.PropertyReader.getProperty(PropertyReader.java:16)
at Reader.PropertyReader.getProperty(PropertyReader.java:16)
at Reader.PropertyReader.getProperty(PropertyReader.java:16)
at Reader.PropertyReader.getProperty(PropertyReader.java:16)
at Reader.PropertyReader.getProperty(PropertyReader.java:16)
at Reader.PropertyReader.getProperty(PropertyReader.java:16)
at Reader.PropertyReader.getProperty(PropertyReader.java:16)
at Reader.PropertyReader.getProperty(PropertyReader.java:16)
at Reader.PropertyReader.getProperty(PropertyReader.java:16)
at Reader.PropertyReader.getProperty(PropertyReader.java:16)
at Reader.PropertyReader.getProperty(PropertyReader.java:16)
at Reader.PropertyReader.getProperty(PropertyReader.java:16)
at Reader.PropertyReader.getProperty(PropertyReader.java:16)
at Reader.PropertyReader.getProperty(PropertyReader.java:16)
at Reader.PropertyReader.getProperty(PropertyReader.java:16)
at Reader.PropertyReader.getProperty(PropertyReader.java:16)
at Reader.PropertyReader.getProperty(PropertyReader.java:16)
at Reader.PropertyReader.getProperty(PropertyReader.java:16)
at Reader.PropertyReader.getProperty(PropertyReader.java:16)
at Reader.PropertyReader.getProperty(PropertyReader.java:16)
at Reader.PropertyReader.getProperty(PropertyReader.java:16)
at Reader.PropertyReader.getProperty(PropertyReader.java:16)
at Reader.PropertyReader.getProperty(PropertyReader.java:16)
at Reader.PropertyReader.getProperty(PropertyReader.java:16)
at Reader.PropertyReader.getProperty(PropertyReader.java:16)
at Reader.PropertyReader.getProperty(PropertyReader.java:16)
at Reader.PropertyReader.getProperty(PropertyReader.java:16)
at Reader.PropertyReader.getProperty(PropertyReader.java:16)
at Reader.PropertyReader.getProperty(PropertyReader.java:16)
at Reader.PropertyReader.getProperty(PropertyReader.java:16)
at Reader.PropertyReader.getProperty(PropertyReader.java:16)
at Reader.PropertyReader.getProperty(PropertyReader.java:16)
at Reader.PropertyReader.getProperty(PropertyReader.java:16)
at Reader.PropertyReader.getProperty(PropertyReader.java:16)
at Reader.PropertyReader.getProperty(PropertyReader.java:16)
at Reader.PropertyReader.getProperty(PropertyReader.java:16)
at Reader.PropertyReader.getProperty(PropertyReader.java:16)
at Reader.PropertyReader.getProperty(PropertyReader.java:16)
at Reader.PropertyReader.getProperty(PropertyReader.java:16)
at Reader.PropertyReader.getProperty(PropertyReader.java:16)
at Reader.PropertyReader.getProperty(PropertyReader.java:16)
at Reader.PropertyReader.getProperty(PropertyReader.java:16)
at Reader.PropertyReader.getProperty(PropertyReader.java:16)
at Reader.PropertyReader.getProperty(PropertyReader.java:16)
at Reader.PropertyReader.getProperty(PropertyReader.java:16)
at Reader.PropertyReader.getProperty(PropertyReader.java:16)
at Reader.PropertyReader.getProperty(PropertyReader.java:16)
at Reader.PropertyReader.getProperty(PropertyReader.java:16)
at Reader.PropertyReader.getProperty(PropertyReader.java:16)
at Reader.PropertyReader.getProperty(PropertyReader.java:16)
at Reader.PropertyReader.getProperty(PropertyReader.java:16)
at Reader.PropertyReader.getProperty(PropertyReader.java:16)
at Reader.PropertyReader.getProperty(PropertyReader.java:16)
at Reader.PropertyReader.getProperty(PropertyReader.java:16)
at Reader.PropertyReader.getProperty(PropertyReader.java:16)
at Reader.PropertyReader.getProperty(PropertyReader.java:16)
at Reader.PropertyReader.getProperty(PropertyReader.java:16)
at Reader.PropertyReader.getProperty(PropertyReader.java:16)
at Reader.PropertyReader.getProperty(PropertyReader.java:16)
at Reader.PropertyReader.getProperty(PropertyReader.java:16)
at Reader.PropertyReader.getProperty(PropertyReader.java:16)
at Reader.PropertyReader.getProperty(PropertyReader.java:16)
at Reader.PropertyReader.getProperty(PropertyReader.java:16)
at Reader.PropertyReader.getProperty(PropertyReader.java:16)
at Reader.PropertyReader.getProperty(PropertyReader.java:16)
at Reader.PropertyReader.getProperty(PropertyReader.java:16)
at Reader.PropertyReader.getProperty(PropertyReader.java:16)
at Reader.PropertyReader.getProperty(PropertyReader.java:16)
at Reader.PropertyReader.getProperty(PropertyReader.java:16)
at Reader.PropertyReader.getProperty(PropertyReader.java:16)
at Reader.PropertyReader.getProperty(PropertyReader.java:16)
at Reader.PropertyReader.getProperty(PropertyReader.java:16)
at Reader.PropertyReader.getProperty(PropertyReader.java:16)
at Reader.PropertyReader.getProperty(PropertyReader.java:16)
at Reader.PropertyReader.getProperty(PropertyReader.java:16)
at Reader.PropertyReader.getProperty(PropertyReader.java:16)
at Reader.PropertyReader.getProperty(PropertyReader.java:16)
at Reader.PropertyReader.getProperty(PropertyReader.java:16)
at Reader.PropertyReader.getProperty(PropertyReader.java:16)
at Reader.PropertyReader.getProperty(PropertyReader.java:16)
at Reader.PropertyReader.getProperty(PropertyReader.java:16)
at Reader.PropertyReader.getProperty(PropertyReader.java:16)
at Reader.PropertyReader.getProperty(PropertyReader.java:16)
at Reader.PropertyReader.getProperty(PropertyReader.java:16)
at Reader.PropertyReader.getProperty(PropertyReader.java:16)
at Reader.PropertyReader.getProperty(PropertyReader.java:16)
at Reader.PropertyReader.getProperty(PropertyReader.java:16)
at Reader.PropertyReader.getProperty(PropertyReader.java:16)
at Reader.PropertyReader.getProperty(PropertyReader.java:16)
at Reader.PropertyReader.getProperty(PropertyReader.java:16)
at Reader.PropertyReader.getProperty(PropertyReader.java:16)
at Reader.PropertyReader.getProperty(PropertyReader.java:16)
at Reader.PropertyReader.getProperty(PropertyReader.java:16)
at Reader.PropertyReader.getProperty(PropertyReader.java:16)
at Reader.PropertyReader.getProperty(PropertyReader.java:16)
at Reader.PropertyReader.getProperty(PropertyReader.java:16)
at Reader.PropertyReader.getProperty(PropertyReader.java:16)
at Reader.PropertyReader.getProperty(PropertyReader.java:16)
at Reader.PropertyReader.getProperty(PropertyReader.java:16)
at Reader.PropertyReader.getProperty(PropertyReader.java:16)
at Reader.PropertyReader.getProperty(PropertyReader.java:16)
at Reader.PropertyReader.getProperty(PropertyReader.java:16)
at Reader.PropertyReader.getProperty(PropertyReader.java:16)
at Reader.PropertyReader.getProperty(PropertyReader.java:16)
at Reader.PropertyReader.getProperty(PropertyReader.java:16)
at Reader.PropertyReader.getProperty(PropertyReader.java:16)
at Reader.PropertyReader.getProperty(PropertyReader.java:16)
at Reader.PropertyReader.getProperty(PropertyReader.java:16)
at Reader.PropertyReader.getProperty(PropertyReader.java:16)
at Reader.PropertyReader.getProperty(PropertyReader.java:16)
at Reader.PropertyReader.getProperty(PropertyReader.java:16)
at Reader.PropertyReader.getProperty(PropertyReader.java:16)
at Reader.PropertyReader.getProperty(PropertyReader.java:16)
at Reader.PropertyReader.getProperty(PropertyReader.java:16)
at Reader.PropertyReader.getProperty(PropertyReader.java:16)
at Reader.PropertyReader.getProperty(PropertyReader.java:16)
at Reader.PropertyReader.getProperty(PropertyReader.java:16)
at Reader.PropertyReader.getProperty(PropertyReader.java:16)
at Reader.PropertyReader.getProperty(PropertyReader.java:16)
at Reader.PropertyReader.getProperty(PropertyReader.java:16)
at Reader.PropertyReader.getProperty(PropertyReader.java:16)
at Reader.PropertyReader.getProperty(PropertyReader.java:16)
at Reader.PropertyReader.getProperty(PropertyReader.java:16)
at Reader.PropertyReader.getProperty(PropertyReader.java:16)
at Reader.PropertyReader.getProperty(PropertyReader.java:16)
at Reader.PropertyReader.getProperty(PropertyReader.java:16)
at Reader.PropertyReader.getProperty(PropertyReader.java:16)
at Reader.PropertyReader.getProperty(PropertyReader.java:16)
at Reader.PropertyReader.getProperty(PropertyReader.java:16)
at Reader.PropertyReader.getProperty(PropertyReader.java:16)
at Reader.PropertyReader.getProperty(PropertyReader.java:16)
at Reader.PropertyReader.getProperty(PropertyReader.java:16)
at Reader.PropertyReader.getProperty(PropertyReader.java:16)
at Reader.PropertyReader.getProperty(PropertyReader.java:16)
at Reader.PropertyReader.getProperty(PropertyReader.java:16)
at Reader.PropertyReader.getProperty(PropertyReader.java:16)
at Reader.PropertyReader.getProperty(PropertyReader.java:16)
at Reader.PropertyReader.getProperty(PropertyReader.java:16)
at Reader.PropertyReader.getProperty(PropertyReader.java:16)
at Reader.PropertyReader.getProperty(PropertyReader.java:16)
at Reader.PropertyReader.getProperty(PropertyReader.java:16)
at Reader.PropertyReader.getProperty(PropertyReader.java:16)
at Reader.PropertyReader.getProperty(PropertyReader.java:16)
at Reader.PropertyReader.getProperty(PropertyReader.java:16)
at Reader.PropertyReader.getProperty(PropertyReader.java:16)
at Reader.PropertyReader.getProperty(PropertyReader.java:16)
at Reader.PropertyReader.getProperty(PropertyReader.java:16)
at Reader.PropertyReader.getProperty(PropertyReader.java:16)
at Reader.PropertyReader.getProperty(PropertyReader.java:16)
at Reader.PropertyReader.getProperty(PropertyReader.java:16)
at Reader.PropertyReader.getProperty(PropertyReader.java:16)
at Reader.PropertyReader.getProperty(PropertyReader.java:16)
at Reader.PropertyReader.getProperty(PropertyReader.java:16)
at Reader.PropertyReader.getProperty(PropertyReader.java:16)
at Reader.PropertyReader.getProperty(PropertyReader.java:16)
at Reader.PropertyReader.getProperty(PropertyReader.java:16)
at Reader.PropertyReader.getProperty(PropertyReader.java:16)
at Reader.PropertyReader.getProperty(PropertyReader.java:16)
at Reader.PropertyReader.getProperty(PropertyReader.java:16)
at Reader.PropertyReader.getProperty(PropertyReader.java:16)
at Reader.PropertyReader.getProperty(PropertyReader.java:16)
at Reader.PropertyReader.getProperty(PropertyReader.java:16)
at Reader.PropertyReader.getProperty(PropertyReader.java:16)
at Reader.PropertyReader.getProperty(PropertyReader.java:16)
at Reader.PropertyReader.getProperty(PropertyReader.java:16)
at Reader.PropertyReader.getProperty(PropertyReader.java:16)
at Reader.PropertyReader.getProperty(PropertyReader.java:16)
at Reader.PropertyReader.getProperty(PropertyReader.java:16)
at Reader.PropertyReader.getProperty(PropertyReader.java:16)
at Reader.PropertyReader.getProperty(PropertyReader.java:16)
at Reader.PropertyReader.getProperty(PropertyReader.java:16)
at Reader.PropertyReader.getProperty(PropertyReader.java:16)
at Reader.PropertyReader.getProperty(PropertyReader.java:16)
at Reader.PropertyReader.getProperty(PropertyReader.java:16)
at Reader.PropertyReader.getProperty(PropertyReader.java:16)
at Reader.PropertyReader.getProperty(PropertyReader.java:16)
at Reader.PropertyReader.getProperty(PropertyReader.java:16)
at Reader.PropertyReader.getProperty(PropertyReader.java:16)
at Reader.PropertyReader.getProperty(PropertyReader.java:16)
at Reader.PropertyReader.getProperty(PropertyReader.java:16)
at Reader.PropertyReader.getProperty(PropertyReader.java:16)
at Reader.PropertyReader.getProperty(PropertyReader.java:16)
at Reader.PropertyReader.getProperty(PropertyReader.java:16)
at Reader.PropertyReader.getProperty(PropertyReader.java:16)
at Reader.PropertyReader.getProperty(PropertyReader.java:16)
at Reader.PropertyReader.getProperty(PropertyReader.java:16)
at Reader.PropertyReader.getProperty(PropertyReader.java:16)
at Reader.PropertyReader.getProperty(PropertyReader.java:16)
at Reader.PropertyReader.getProperty(PropertyReader.java:16)
at Reader.PropertyReader.getProperty(PropertyReader.java:16)
at Reader.PropertyReader.getProperty(PropertyReader.java:16)
at Reader.PropertyReader.getProperty(PropertyReader.java:16)
at Reader.PropertyReader.getProperty(PropertyReader.java:16)
at Reader.PropertyReader.getProperty(PropertyReader.java:16)
at Reader.PropertyReader.getProperty(PropertyReader.java:16)
at Reader.PropertyReader.getProperty(PropertyReader.java:16)
at Reader.PropertyReader.getProperty(PropertyReader.java:16)
at Reader.PropertyReader.getProperty(PropertyReader.java:16)
at Reader.PropertyReader.getProperty(PropertyReader.java:16)
at Reader.PropertyReader.getProperty(PropertyReader.java:16)
at Reader.PropertyReader.getProperty(PropertyReader.java:16)
at Reader.PropertyReader.getProperty(PropertyReader.java:16)
at Reader.PropertyReader.getProperty(PropertyReader.java:16)
at Reader.PropertyReader.getProperty(PropertyReader.java:16)
at Reader.PropertyReader.getProperty(PropertyReader.java:16)
at Reader.PropertyReader.getProperty(PropertyReader.java:16)
at Reader.PropertyReader.getProperty(PropertyReader.java:16)
at Reader.PropertyReader.getProperty(PropertyReader.java:16)
at Reader.PropertyReader.getProperty(PropertyReader.java:16)
at Reader.PropertyReader.getProperty(PropertyReader.java:16)
at Reader.PropertyReader.getProperty(PropertyReader.java:16)
at Reader.PropertyReader.getProperty(PropertyReader.java:16)
at Reader.PropertyReader.getProperty(PropertyReader.java:16)
at Reader.PropertyReader.getProperty(PropertyReader.java:16)
at Reader.PropertyReader.getProperty(PropertyReader.java:16)
at Reader.PropertyReader.getProperty(PropertyReader.java:16)
at Reader.PropertyReader.getProperty(PropertyReader.java:16)
at Reader.PropertyReader.getProperty(PropertyReader.java:16)
at Reader.PropertyReader.getProperty(PropertyReader.java:16)
at Reader.PropertyReader.getProperty(PropertyReader.java:16)
at Reader.PropertyReader.getProperty(PropertyReader.java:16)
at Reader.PropertyReader.getProperty(PropertyReader.java:16)
at Reader.PropertyReader.getProperty(PropertyReader.java:16)
at Reader.PropertyReader.getProperty(PropertyReader.java:16)
at Reader.PropertyReader.getProperty(PropertyReader.java:16)
at Reader.PropertyReader.getProperty(PropertyReader.java:16)
at Reader.PropertyReader.getProperty(PropertyReader.java:16)
at Reader.PropertyReader.getProperty(PropertyReader.java:16)
at Reader.PropertyReader.getProperty(PropertyReader.java:16)
at Reader.PropertyReader.getProperty(PropertyReader.java:16)
at Reader.PropertyReader.getProperty(PropertyReader.java:16)
at Reader.PropertyReader.getProperty(PropertyReader.java:16)
at Reader.PropertyReader.getProperty(PropertyReader.java:16)
at Reader.PropertyReader.getProperty(PropertyReader.java:16)
at Reader.PropertyReader.getProperty(PropertyReader.java:16)
at Reader.PropertyReader.getProperty(PropertyReader.java:16)
at Reader.PropertyReader.getProperty(PropertyReader.java:16)
at Reader.PropertyReader.getProperty(PropertyReader.java:16)
at Reader.PropertyReader.getProperty(PropertyReader.java:16)
at Reader.PropertyReader.getProperty(PropertyReader.java:16)
at Reader.PropertyReader.getProperty(PropertyReader.java:16)
at Reader.PropertyReader.getProperty(PropertyReader.java:16)
at Reader.PropertyReader.getProperty(PropertyReader.java:16)
at Reader.PropertyReader.getProperty(PropertyReader.java:16)
at Reader.PropertyReader.getProperty(PropertyReader.java:16)
at Reader.PropertyReader.getProperty(PropertyReader.java:16)
at Reader.PropertyReader.getProperty(PropertyReader.java:16)
at Reader.PropertyReader.getProperty(PropertyReader.java:16)
at Reader.PropertyReader.getProperty(PropertyReader.java:16)
at Reader.PropertyReader.getProperty(PropertyReader.java:16)
at Reader.PropertyReader.getProperty(PropertyReader.java:16)
at Reader.PropertyReader.getProperty(PropertyReader.java:16)
at Reader.PropertyReader.getProperty(PropertyReader.java:16)
at Reader.PropertyReader.getProperty(PropertyReader.java:16)
at Reader.PropertyReader.getProperty(PropertyReader.java:16)
at Reader.PropertyReader.getProperty(PropertyReader.java:16)
at Reader.PropertyReader.getProperty(PropertyReader.java:16)
at Reader.PropertyReader.getProperty(PropertyReader.java:16)
at Reader.PropertyReader.getProperty(PropertyReader.java:16)
at Reader.PropertyReader.getProperty(PropertyReader.java:16)
at Reader.PropertyReader.getProperty(PropertyReader.java:16)
at Reader.PropertyReader.getProperty(PropertyReader.java:16)
at Reader.PropertyReader.getProperty(PropertyReader.java:16)
at Reader.PropertyReader.getProperty(PropertyReader.java:16)
at Reader.PropertyReader.getProperty(PropertyReader.java:16)
at Reader.PropertyReader.getProperty(PropertyReader.java:16)
at Reader.PropertyReader.getProperty(PropertyReader.java:16)
at Reader.PropertyReader.getProperty(PropertyReader.java:16)
at Reader.PropertyReader.getProperty(PropertyReader.java:16)
at Reader.PropertyReader.getProperty(PropertyReader.java:16)
at Reader.PropertyReader.getProperty(PropertyReader.java:16)
at Reader.PropertyReader.getProperty(PropertyReader.java:16)
at Reader.PropertyReader.getProperty(PropertyReader.java:16)
at Reader.PropertyReader.getProperty(PropertyReader.java:16)
at Reader.PropertyReader.getProperty(PropertyReader.java:16)
at Reader.PropertyReader.getProperty(PropertyReader.java:16)
at Reader.PropertyReader.getProperty(PropertyReader.java:16)
at Reader.PropertyReader.getProperty(PropertyReader.java:16)
at Reader.PropertyReader.getProperty(PropertyReader.java:16)
at Reader.PropertyReader.getProperty(PropertyReader.java:16)
at Reader.PropertyReader.getProperty(PropertyReader.java:16)
at Reader.PropertyReader.getProperty(PropertyReader.java:16)
at Reader.PropertyReader.getProperty(PropertyReader.java:16)
at Reader.PropertyReader.getProperty(PropertyReader.java:16)
at Reader.PropertyReader.getProperty(PropertyReader.java:16)
at Reader.PropertyReader.getProperty(PropertyReader.java:16)
at Reader.PropertyReader.getProperty(PropertyReader.java:16)
at Reader.PropertyReader.getProperty(PropertyReader.java:16)
at Reader.PropertyReader.getProperty(PropertyReader.java:16)
at Reader.PropertyReader.getProperty(PropertyReader.java:16)
at Reader.PropertyReader.getProperty(PropertyReader.java:16)
at Reader.PropertyReader.getProperty(PropertyReader.java:16)
at Reader.PropertyReader.getProperty(PropertyReader.java:16)
at Reader.PropertyReader.getProperty(PropertyReader.java:16)
at Reader.PropertyReader.getProperty(PropertyReader.java:16)
at Reader.PropertyReader.getProperty(PropertyReader.java:16)
at Reader.PropertyReader.getProperty(PropertyReader.java:16)
at Reader.PropertyReader.getProperty(PropertyReader.java:16)
at Reader.PropertyReader.getProperty(PropertyReader.java:16)
at Reader.PropertyReader.getProperty(PropertyReader.java:16)
at Reader.PropertyReader.getProperty(PropertyReader.java:16)
at Reader.PropertyReader.getProperty(PropertyReader.java:16)
at Reader.PropertyReader.getProperty(PropertyReader.java:16)
at Reader.PropertyReader.getProperty(PropertyReader.java:16)
at Reader.PropertyReader.getProperty(PropertyReader.java:16)
at Reader.PropertyReader.getProperty(PropertyReader.java:16)
at Reader.PropertyReader.getProperty(PropertyReader.java:16)
at Reader.PropertyReader.getProperty(PropertyReader.java:16)
at Reader.PropertyReader.getProperty(PropertyReader.java:16)
at Reader.PropertyReader.getProperty(PropertyReader.java:16)
at Reader.PropertyReader.getProperty(PropertyReader.java:16)
at Reader.PropertyReader.getProperty(PropertyReader.java:16)
at Reader.PropertyReader.getProperty(PropertyReader.java:16)
at Reader.PropertyReader.getProperty(PropertyReader.java:16)
at Reader.PropertyReader.getProperty(PropertyReader.java:16)
at Reader.PropertyReader.getProperty(PropertyReader.java:16)
at Reader.PropertyReader.getProperty(PropertyReader.java:16)
at Reader.PropertyReader.getProperty(PropertyReader.java:16)
at Reader.PropertyReader.getProperty(PropertyReader.java:16)
at Reader.PropertyReader.getProperty(PropertyReader.java:16)
at Reader.PropertyReader.getProperty(PropertyReader.java:16)
at Reader.PropertyReader.getProperty(PropertyReader.java:16)
at Reader.PropertyReader.getProperty(PropertyReader.java:16)
at Reader.PropertyReader.getProperty(PropertyReader.java:16)
at Reader.PropertyReader.getProperty(PropertyReader.java:16)
at Reader.PropertyReader.getProperty(PropertyReader.java:16)
at Reader.PropertyReader.getProperty(PropertyReader.java:16)
at Reader.PropertyReader.getProperty(PropertyReader.java:16)
at Reader.PropertyReader.getProperty(PropertyReader.java:16)
at Reader.PropertyReader.getProperty(PropertyReader.java:16)
at Reader.PropertyReader.getProperty(PropertyReader.java:16)
at Reader.PropertyReader.getProperty(PropertyReader.java:16)
at Reader.PropertyReader.getProperty(PropertyReader.java:16)
at Reader.PropertyReader.getProperty(PropertyReader.java:16)
at Reader.PropertyReader.getProperty(PropertyReader.java:16)
at Reader.PropertyReader.getProperty(PropertyReader.java:16)
at Reader.PropertyReader.getProperty(PropertyReader.java:16)
at Reader.PropertyReader.getProperty(PropertyReader.java:16)
at Reader.PropertyReader.getProperty(PropertyReader.java:16)
at Reader.PropertyReader.getProperty(PropertyReader.java:16)
at Reader.PropertyReader.getProperty(PropertyReader.java:16)
at Reader.PropertyReader.getProperty(PropertyReader.java:16)
at Reader.PropertyReader.getProperty(PropertyReader.java:16)
at Reader.PropertyReader.getProperty(PropertyReader.java:16)
at Reader.PropertyReader.getProperty(PropertyReader.java:16)
at Reader.PropertyReader.getProperty(PropertyReader.java:16)
at Reader.PropertyReader.getProperty(PropertyReader.java:16)
at Reader.PropertyReader.getProperty(PropertyReader.java:16)
at Reader.PropertyReader.getProperty(PropertyReader.java:16)
at Reader.PropertyReader.getProperty(PropertyReader.java:16)
at Reader.PropertyReader.getProperty(PropertyReader.java:16)
at Reader.PropertyReader.getProperty(PropertyReader.java:16)
at Reader.PropertyReader.getProperty(PropertyReader.java:16)
at Reader.PropertyReader.getProperty(PropertyReader.java:16)
at Reader.PropertyReader.getProperty(PropertyReader.java:16)
at Reader.PropertyReader.getProperty(PropertyReader.java:16)
at Reader.PropertyReader.getProperty(PropertyReader.java:16)
at Reader.PropertyReader.getProperty(PropertyReader.java:16)
at Reader.PropertyReader.getProperty(PropertyReader.java:16)
at Reader.PropertyReader.getProperty(PropertyReader.java:16)
at Reader.PropertyReader.getProperty(PropertyReader.java:16)
at Reader.PropertyReader.getProperty(PropertyReader.java:16)
at Reader.PropertyReader.getProperty(PropertyReader.java:16)
at Reader.PropertyReader.getProperty(PropertyReader.java:16)
at Reader.PropertyReader.getProperty(PropertyReader.java:16)
at Reader.PropertyReader.getProperty(PropertyReader.java:16)
at Reader.PropertyReader.getProperty(PropertyReader.java:16)
at Reader.PropertyReader.getProperty(PropertyReader.java:16)
at Reader.PropertyReader.getProperty(PropertyReader.java:16)
at Reader.PropertyReader.getProperty(PropertyReader.java:16)
at Reader.PropertyReader.getProperty(PropertyReader.java:16)
at Reader.PropertyReader.getProperty(PropertyReader.java:16)
at Reader.PropertyReader.getProperty(PropertyReader.java:16)
at Reader.PropertyReader.getProperty(PropertyReader.java:16)
at Reader.PropertyReader.getProperty(PropertyReader.java:16)
at Reader.PropertyReader.getProperty(PropertyReader.java:16)
at Reader.PropertyReader.getProperty(PropertyReader.java:16)
at Reader.PropertyReader.getProperty(PropertyReader.java:16)
at Reader.PropertyReader.getProperty(PropertyReader.java:16)
at Reader.PropertyReader.getProperty(PropertyReader.java:16)
at Reader.PropertyReader.getProperty(PropertyReader.java:16)
at Reader.PropertyReader.getProperty(PropertyReader.java:16)
at Reader.PropertyReader.getProperty(PropertyReader.java:16)
at Reader.PropertyReader.getProperty(PropertyReader.java:16)
at Reader.PropertyReader.getProperty(PropertyReader.java:16)
at Reader.PropertyReader.getProperty(PropertyReader.java:16)
at Reader.PropertyReader.getProperty(PropertyReader.java:16)
at Reader.PropertyReader.getProperty(PropertyReader.java:16)
at Reader.PropertyReader.getProperty(PropertyReader.java:16)
at Reader.PropertyReader.getProperty(PropertyReader.java:16)
at Reader.PropertyReader.getProperty(PropertyReader.java:16)
at Reader.PropertyReader.getProperty(PropertyReader.java:16)
at Reader.PropertyReader.getProperty(PropertyReader.java:16)
at Reader.PropertyReader.getProperty(PropertyReader.java:16)
at Reader.PropertyReader.getProperty(PropertyReader.java:16)
at Reader.PropertyReader.getProperty(PropertyReader.java:16)
at Reader.PropertyReader.getProperty(PropertyReader.java:16)
at Reader.PropertyReader.getProperty(PropertyReader.java:16)
at Reader.PropertyReader.getProperty(PropertyReader.java:16)
at Reader.PropertyReader.getProperty(PropertyReader.java:16)
at Reader.PropertyReader.getProperty(PropertyReader.java:16)
at Reader.PropertyReader.getProperty(PropertyReader.java:16)
at Reader.PropertyReader.getProperty(PropertyReader.java:16)
at Reader.PropertyReader.getProperty(PropertyReader.java:16)
at Reader.PropertyReader.getProperty(PropertyReader.java:16)
at Reader.PropertyReader.getProperty(PropertyReader.java:16)
at Reader.PropertyReader.getProperty(PropertyReader.java:16)
at Reader.PropertyReader.getProperty(PropertyReader.java:16)
at Reader.PropertyReader.getProperty(PropertyReader.java:16)
at Reader.PropertyReader.getProperty(PropertyReader.java:16)
at Reader.PropertyReader.getProperty(PropertyReader.java:16)
at Reader.PropertyReader.getProperty(PropertyReader.java:16)
at Reader.PropertyReader.getProperty(PropertyReader.java:16)
at Reader.PropertyReader.getProperty(PropertyReader.java:16)
at Reader.PropertyReader.getProperty(PropertyReader.java:16)
at Reader.PropertyReader.getProperty(PropertyReader.java:16)
at Reader.PropertyReader.getProperty(PropertyReader.java:16)
at Reader.PropertyReader.getProperty(PropertyReader.java:16)
at Reader.PropertyReader.getProperty(PropertyReader.java:16)
at Reader.PropertyReader.getProperty(PropertyReader.java:16)
at Reader.PropertyReader.getProperty(PropertyReader.java:16)
at Reader.PropertyReader.getProperty(PropertyReader.java:16)
at Reader.PropertyReader.getProperty(PropertyReader.java:16)
at Reader.PropertyReader.getProperty(PropertyReader.java:16)
at Reader.PropertyReader.getProperty(PropertyReader.java:16)
at Reader.PropertyReader.getProperty(PropertyReader.java:16)
at Reader.PropertyReader.getProperty(PropertyReader.java:16)
at Reader.PropertyReader.getProperty(PropertyReader.java:16)
at Reader.PropertyReader.getProperty(PropertyReader.java:16)
at Reader.PropertyReader.getProperty(PropertyReader.java:16)
at Reader.PropertyReader.getProperty(PropertyReader.java:16)
at Reader.PropertyReader.getProperty(PropertyReader.java:16)
at Reader.PropertyReader.getProperty(PropertyReader.java:16)
at Reader.PropertyReader.getProperty(PropertyReader.java:16)
at Reader.PropertyReader.getProperty(PropertyReader.java:16)
at Reader.PropertyReader.getProperty(PropertyReader.java:16)
at Reader.PropertyReader.getProperty(PropertyReader.java:16)
at Reader.PropertyReader.getProperty(PropertyReader.java:16)
at Reader.PropertyReader.getProperty(PropertyReader.java:16)
at Reader.PropertyReader.getProperty(PropertyReader.java:16)
at Reader.PropertyReader.getProperty(PropertyReader.java:16)
at Reader.PropertyReader.getProperty(PropertyReader.java:16)
at Reader.PropertyReader.getProperty(PropertyReader.java:16)
at Reader.PropertyReader.getProperty(PropertyReader.java:16)
at Reader.PropertyReader.getProperty(PropertyReader.java:16)
at Reader.PropertyReader.getProperty(PropertyReader.java:16)
at Reader.PropertyReader.getProperty(PropertyReader.java:16)
at Reader.PropertyReader.getProperty(PropertyReader.java:16)
at Reader.PropertyReader.getProperty(PropertyReader.java:16)
at Reader.PropertyReader.getProperty(PropertyReader.java:16)
at Reader.PropertyReader.getProperty(PropertyReader.java:16)
at Reader.PropertyReader.getProperty(PropertyReader.java:16)
at Reader.PropertyReader.getProperty(PropertyReader.java:16)
at Reader.PropertyReader.getProperty(PropertyReader.java:16)
at Reader.PropertyReader.getProperty(PropertyReader.java:16)
at Reader.PropertyReader.getProperty(PropertyReader.java:16)
at Reader.PropertyReader.getProperty(PropertyReader.java:16)
at Reader.PropertyReader.getProperty(PropertyReader.java:16)
at Reader.PropertyReader.getProperty(PropertyReader.java:16)
at Reader.PropertyReader.getProperty(PropertyReader.java:16)
at Reader.PropertyReader.getProperty(PropertyReader.java:16)
at Reader.PropertyReader.getProperty(PropertyReader.java:16)
at Reader.PropertyReader.getProperty(PropertyReader.java:16)
at Reader.PropertyReader.getProperty(PropertyReader.java:16)
at Reader.PropertyReader.getProperty(PropertyReader.java:16)
at Reader.PropertyReader.getProperty(PropertyReader.java:16)
at Reader.PropertyReader.getProperty(PropertyReader.java:16)
at Reader.PropertyReader.getProperty(PropertyReader.java:16)
at Reader.PropertyReader.getProperty(PropertyReader.java:16)
at Reader.PropertyReader.getProperty(PropertyReader.java:16)
at Reader.PropertyReader.getProperty(PropertyReader.java:16)
at Reader.PropertyReader.getProperty(PropertyReader.java:16)
at Reader.PropertyReader.getProperty(PropertyReader.java:16)
at Reader.PropertyReader.getProperty(PropertyReader.java:16)
at Reader.PropertyReader.getProperty(PropertyReader.java:16)
at Reader.PropertyReader.getProperty(PropertyReader.java:16)
at Reader.PropertyReader.getProperty(PropertyReader.java:16)
at Reader.PropertyReader.getProperty(PropertyReader.java:16)
at Reader.PropertyReader.getProperty(PropertyReader.java:16)
at ✽.user add Reuest spec builder with all http request(file:///C:/Users/Pratik%20Gadekar/git/RestAssured/src/test/java/features/employeeApi.feature:4)
]]>
    </failure>
  </testcase> <!-- runScenario -->
  <testcase classname="io.cucumber.testng.AbstractTestNGCucumberTests" name="runScenario" time="8.931">
    <failure type="java.lang.StackOverflowError">
      <![CDATA[java.lang.StackOverflowError
at java.base/java.io.FileInputStream.open(FileInputStream.java:215)
at java.base/java.io.FileInputStream.<init>(FileInputStream.java:152)
at java.base/java.io.FileInputStream.<init>(FileInputStream.java:106)
at Reader.PropertyReader.getProperty(PropertyReader.java:11)
at Reader.PropertyReader.getProperty(PropertyReader.java:16)
at Reader.PropertyReader.getProperty(PropertyReader.java:16)
at Reader.PropertyReader.getProperty(PropertyReader.java:16)
at Reader.PropertyReader.getProperty(PropertyReader.java:16)
at Reader.PropertyReader.getProperty(PropertyReader.java:16)
at Reader.PropertyReader.getProperty(PropertyReader.java:16)
at Reader.PropertyReader.getProperty(PropertyReader.java:16)
at Reader.PropertyReader.getProperty(PropertyReader.java:16)
at Reader.PropertyReader.getProperty(PropertyReader.java:16)
at Reader.PropertyReader.getProperty(PropertyReader.java:16)
at Reader.PropertyReader.getProperty(PropertyReader.java:16)
at Reader.PropertyReader.getProperty(PropertyReader.java:16)
at Reader.PropertyReader.getProperty(PropertyReader.java:16)
at Reader.PropertyReader.getProperty(PropertyReader.java:16)
at Reader.PropertyReader.getProperty(PropertyReader.java:16)
at Reader.PropertyReader.getProperty(PropertyReader.java:16)
at Reader.PropertyReader.getProperty(PropertyReader.java:16)
at Reader.PropertyReader.getProperty(PropertyReader.java:16)
at Reader.PropertyReader.getProperty(PropertyReader.java:16)
at Reader.PropertyReader.getProperty(PropertyReader.java:16)
at Reader.PropertyReader.getProperty(PropertyReader.java:16)
at Reader.PropertyReader.getProperty(PropertyReader.java:16)
at Reader.PropertyReader.getProperty(PropertyReader.java:16)
at Reader.PropertyReader.getProperty(PropertyReader.java:16)
at Reader.PropertyReader.getProperty(PropertyReader.java:16)
at Reader.PropertyReader.getProperty(PropertyReader.java:16)
at Reader.PropertyReader.getProperty(PropertyReader.java:16)
at Reader.PropertyReader.getProperty(PropertyReader.java:16)
at Reader.PropertyReader.getProperty(PropertyReader.java:16)
at Reader.PropertyReader.getProperty(PropertyReader.java:16)
at Reader.PropertyReader.getProperty(PropertyReader.java:16)
at Reader.PropertyReader.getProperty(PropertyReader.java:16)
at Reader.PropertyReader.getProperty(PropertyReader.java:16)
at Reader.PropertyReader.getProperty(PropertyReader.java:16)
at Reader.PropertyReader.getProperty(PropertyReader.java:16)
at Reader.PropertyReader.getProperty(PropertyReader.java:16)
at Reader.PropertyReader.getProperty(PropertyReader.java:16)
at Reader.PropertyReader.getProperty(PropertyReader.java:16)
at Reader.PropertyReader.getProperty(PropertyReader.java:16)
at Reader.PropertyReader.getProperty(PropertyReader.java:16)
at Reader.PropertyReader.getProperty(PropertyReader.java:16)
at Reader.PropertyReader.getProperty(PropertyReader.java:16)
at Reader.PropertyReader.getProperty(PropertyReader.java:16)
at Reader.PropertyReader.getProperty(PropertyReader.java:16)
at Reader.PropertyReader.getProperty(PropertyReader.java:16)
at Reader.PropertyReader.getProperty(PropertyReader.java:16)
at Reader.PropertyReader.getProperty(PropertyReader.java:16)
at Reader.PropertyReader.getProperty(PropertyReader.java:16)
at Reader.PropertyReader.getProperty(PropertyReader.java:16)
at Reader.PropertyReader.getProperty(PropertyReader.java:16)
at Reader.PropertyReader.getProperty(PropertyReader.java:16)
at Reader.PropertyReader.getProperty(PropertyReader.java:16)
at Reader.PropertyReader.getProperty(PropertyReader.java:16)
at Reader.PropertyReader.getProperty(PropertyReader.java:16)
at Reader.PropertyReader.getProperty(PropertyReader.java:16)
at Reader.PropertyReader.getProperty(PropertyReader.java:16)
at Reader.PropertyReader.getProperty(PropertyReader.java:16)
at Reader.PropertyReader.getProperty(PropertyReader.java:16)
at Reader.PropertyReader.getProperty(PropertyReader.java:16)
at Reader.PropertyReader.getProperty(PropertyReader.java:16)
at Reader.PropertyReader.getProperty(PropertyReader.java:16)
at Reader.PropertyReader.getProperty(PropertyReader.java:16)
at Reader.PropertyReader.getProperty(PropertyReader.java:16)
at Reader.PropertyReader.getProperty(PropertyReader.java:16)
at Reader.PropertyReader.getProperty(PropertyReader.java:16)
at Reader.PropertyReader.getProperty(PropertyReader.java:16)
at Reader.PropertyReader.getProperty(PropertyReader.java:16)
at Reader.PropertyReader.getProperty(PropertyReader.java:16)
at Reader.PropertyReader.getProperty(PropertyReader.java:16)
at Reader.PropertyReader.getProperty(PropertyReader.java:16)
at Reader.PropertyReader.getProperty(PropertyReader.java:16)
at Reader.PropertyReader.getProperty(PropertyReader.java:16)
at Reader.PropertyReader.getProperty(PropertyReader.java:16)
at Reader.PropertyReader.getProperty(PropertyReader.java:16)
at Reader.PropertyReader.getProperty(PropertyReader.java:16)
at Reader.PropertyReader.getProperty(PropertyReader.java:16)
at Reader.PropertyReader.getProperty(PropertyReader.java:16)
at Reader.PropertyReader.getProperty(PropertyReader.java:16)
at Reader.PropertyReader.getProperty(PropertyReader.java:16)
at Reader.PropertyReader.getProperty(PropertyReader.java:16)
at Reader.PropertyReader.getProperty(PropertyReader.java:16)
at Reader.PropertyReader.getProperty(PropertyReader.java:16)
at Reader.PropertyReader.getProperty(PropertyReader.java:16)
at Reader.PropertyReader.getProperty(PropertyReader.java:16)
at Reader.PropertyReader.getProperty(PropertyReader.java:16)
at Reader.PropertyReader.getProperty(PropertyReader.java:16)
at Reader.PropertyReader.getProperty(PropertyReader.java:16)
at Reader.PropertyReader.getProperty(PropertyReader.java:16)
at Reader.PropertyReader.getProperty(PropertyReader.java:16)
at Reader.PropertyReader.getProperty(PropertyReader.java:16)
at Reader.PropertyReader.getProperty(PropertyReader.java:16)
at Reader.PropertyReader.getProperty(PropertyReader.java:16)
at Reader.PropertyReader.getProperty(PropertyReader.java:16)
at Reader.PropertyReader.getProperty(PropertyReader.java:16)
at Reader.PropertyReader.getProperty(PropertyReader.java:16)
at Reader.PropertyReader.getProperty(PropertyReader.java:16)
at Reader.PropertyReader.getProperty(PropertyReader.java:16)
at Reader.PropertyReader.getProperty(PropertyReader.java:16)
at Reader.PropertyReader.getProperty(PropertyReader.java:16)
at Reader.PropertyReader.getProperty(PropertyReader.java:16)
at Reader.PropertyReader.getProperty(PropertyReader.java:16)
at Reader.PropertyReader.getProperty(PropertyReader.java:16)
at Reader.PropertyReader.getProperty(PropertyReader.java:16)
at Reader.PropertyReader.getProperty(PropertyReader.java:16)
at Reader.PropertyReader.getProperty(PropertyReader.java:16)
at Reader.PropertyReader.getProperty(PropertyReader.java:16)
at Reader.PropertyReader.getProperty(PropertyReader.java:16)
at Reader.PropertyReader.getProperty(PropertyReader.java:16)
at Reader.PropertyReader.getProperty(PropertyReader.java:16)
at Reader.PropertyReader.getProperty(PropertyReader.java:16)
at Reader.PropertyReader.getProperty(PropertyReader.java:16)
at Reader.PropertyReader.getProperty(PropertyReader.java:16)
at Reader.PropertyReader.getProperty(PropertyReader.java:16)
at Reader.PropertyReader.getProperty(PropertyReader.java:16)
at Reader.PropertyReader.getProperty(PropertyReader.java:16)
at Reader.PropertyReader.getProperty(PropertyReader.java:16)
at Reader.PropertyReader.getProperty(PropertyReader.java:16)
at Reader.PropertyReader.getProperty(PropertyReader.java:16)
at Reader.PropertyReader.getProperty(PropertyReader.java:16)
at Reader.PropertyReader.getProperty(PropertyReader.java:16)
at Reader.PropertyReader.getProperty(PropertyReader.java:16)
at Reader.PropertyReader.getProperty(PropertyReader.java:16)
at Reader.PropertyReader.getProperty(PropertyReader.java:16)
at Reader.PropertyReader.getProperty(PropertyReader.java:16)
at Reader.PropertyReader.getProperty(PropertyReader.java:16)
at Reader.PropertyReader.getProperty(PropertyReader.java:16)
at Reader.PropertyReader.getProperty(PropertyReader.java:16)
at Reader.PropertyReader.getProperty(PropertyReader.java:16)
at Reader.PropertyReader.getProperty(PropertyReader.java:16)
at Reader.PropertyReader.getProperty(PropertyReader.java:16)
at Reader.PropertyReader.getProperty(PropertyReader.java:16)
at Reader.PropertyReader.getProperty(PropertyReader.java:16)
at Reader.PropertyReader.getProperty(PropertyReader.java:16)
at Reader.PropertyReader.getProperty(PropertyReader.java:16)
at Reader.PropertyReader.getProperty(PropertyReader.java:16)
at Reader.PropertyReader.getProperty(PropertyReader.java:16)
at Reader.PropertyReader.getProperty(PropertyReader.java:16)
at Reader.PropertyReader.getProperty(PropertyReader.java:16)
at Reader.PropertyReader.getProperty(PropertyReader.java:16)
at Reader.PropertyReader.getProperty(PropertyReader.java:16)
at Reader.PropertyReader.getProperty(PropertyReader.java:16)
at Reader.PropertyReader.getProperty(PropertyReader.java:16)
at Reader.PropertyReader.getProperty(PropertyReader.java:16)
at Reader.PropertyReader.getProperty(PropertyReader.java:16)
at Reader.PropertyReader.getProperty(PropertyReader.java:16)
at Reader.PropertyReader.getProperty(PropertyReader.java:16)
at Reader.PropertyReader.getProperty(PropertyReader.java:16)
at Reader.PropertyReader.getProperty(PropertyReader.java:16)
at Reader.PropertyReader.getProperty(PropertyReader.java:16)
at Reader.PropertyReader.getProperty(PropertyReader.java:16)
at Reader.PropertyReader.getProperty(PropertyReader.java:16)
at Reader.PropertyReader.getProperty(PropertyReader.java:16)
at Reader.PropertyReader.getProperty(PropertyReader.java:16)
at Reader.PropertyReader.getProperty(PropertyReader.java:16)
at Reader.PropertyReader.getProperty(PropertyReader.java:16)
at Reader.PropertyReader.getProperty(PropertyReader.java:16)
at Reader.PropertyReader.getProperty(PropertyReader.java:16)
at Reader.PropertyReader.getProperty(PropertyReader.java:16)
at Reader.PropertyReader.getProperty(PropertyReader.java:16)
at Reader.PropertyReader.getProperty(PropertyReader.java:16)
at Reader.PropertyReader.getProperty(PropertyReader.java:16)
at Reader.PropertyReader.getProperty(PropertyReader.java:16)
at Reader.PropertyReader.getProperty(PropertyReader.java:16)
at Reader.PropertyReader.getProperty(PropertyReader.java:16)
at Reader.PropertyReader.getProperty(PropertyReader.java:16)
at Reader.PropertyReader.getProperty(PropertyReader.java:16)
at Reader.PropertyReader.getProperty(PropertyReader.java:16)
at Reader.PropertyReader.getProperty(PropertyReader.java:16)
at Reader.PropertyReader.getProperty(PropertyReader.java:16)
at Reader.PropertyReader.getProperty(PropertyReader.java:16)
at Reader.PropertyReader.getProperty(PropertyReader.java:16)
at Reader.PropertyReader.getProperty(PropertyReader.java:16)
at Reader.PropertyReader.getProperty(PropertyReader.java:16)
at Reader.PropertyReader.getProperty(PropertyReader.java:16)
at Reader.PropertyReader.getProperty(PropertyReader.java:16)
at Reader.PropertyReader.getProperty(PropertyReader.java:16)
at Reader.PropertyReader.getProperty(PropertyReader.java:16)
at Reader.PropertyReader.getProperty(PropertyReader.java:16)
at Reader.PropertyReader.getProperty(PropertyReader.java:16)
at Reader.PropertyReader.getProperty(PropertyReader.java:16)
at Reader.PropertyReader.getProperty(PropertyReader.java:16)
at Reader.PropertyReader.getProperty(PropertyReader.java:16)
at Reader.PropertyReader.getProperty(PropertyReader.java:16)
at Reader.PropertyReader.getProperty(PropertyReader.java:16)
at Reader.PropertyReader.getProperty(PropertyReader.java:16)
at Reader.PropertyReader.getProperty(PropertyReader.java:16)
at Reader.PropertyReader.getProperty(PropertyReader.java:16)
at Reader.PropertyReader.getProperty(PropertyReader.java:16)
at Reader.PropertyReader.getProperty(PropertyReader.java:16)
at Reader.PropertyReader.getProperty(PropertyReader.java:16)
at Reader.PropertyReader.getProperty(PropertyReader.java:16)
at Reader.PropertyReader.getProperty(PropertyReader.java:16)
at Reader.PropertyReader.getProperty(PropertyReader.java:16)
at Reader.PropertyReader.getProperty(PropertyReader.java:16)
at Reader.PropertyReader.getProperty(PropertyReader.java:16)
at Reader.PropertyReader.getProperty(PropertyReader.java:16)
at Reader.PropertyReader.getProperty(PropertyReader.java:16)
at Reader.PropertyReader.getProperty(PropertyReader.java:16)
at Reader.PropertyReader.getProperty(PropertyReader.java:16)
at Reader.PropertyReader.getProperty(PropertyReader.java:16)
at Reader.PropertyReader.getProperty(PropertyReader.java:16)
at Reader.PropertyReader.getProperty(PropertyReader.java:16)
at Reader.PropertyReader.getProperty(PropertyReader.java:16)
at Reader.PropertyReader.getProperty(PropertyReader.java:16)
at Reader.PropertyReader.getProperty(PropertyReader.java:16)
at Reader.PropertyReader.getProperty(PropertyReader.java:16)
at Reader.PropertyReader.getProperty(PropertyReader.java:16)
at Reader.PropertyReader.getProperty(PropertyReader.java:16)
at Reader.PropertyReader.getProperty(PropertyReader.java:16)
at Reader.PropertyReader.getProperty(PropertyReader.java:16)
at Reader.PropertyReader.getProperty(PropertyReader.java:16)
at Reader.PropertyReader.getProperty(PropertyReader.java:16)
at Reader.PropertyReader.getProperty(PropertyReader.java:16)
at Reader.PropertyReader.getProperty(PropertyReader.java:16)
at Reader.PropertyReader.getProperty(PropertyReader.java:16)
at Reader.PropertyReader.getProperty(PropertyReader.java:16)
at Reader.PropertyReader.getProperty(PropertyReader.java:16)
at Reader.PropertyReader.getProperty(PropertyReader.java:16)
at Reader.PropertyReader.getProperty(PropertyReader.java:16)
at Reader.PropertyReader.getProperty(PropertyReader.java:16)
at Reader.PropertyReader.getProperty(PropertyReader.java:16)
at Reader.PropertyReader.getProperty(PropertyReader.java:16)
at Reader.PropertyReader.getProperty(PropertyReader.java:16)
at Reader.PropertyReader.getProperty(PropertyReader.java:16)
at Reader.PropertyReader.getProperty(PropertyReader.java:16)
at Reader.PropertyReader.getProperty(PropertyReader.java:16)
at Reader.PropertyReader.getProperty(PropertyReader.java:16)
at Reader.PropertyReader.getProperty(PropertyReader.java:16)
at Reader.PropertyReader.getProperty(PropertyReader.java:16)
at Reader.PropertyReader.getProperty(PropertyReader.java:16)
at Reader.PropertyReader.getProperty(PropertyReader.java:16)
at Reader.PropertyReader.getProperty(PropertyReader.java:16)
at Reader.PropertyReader.getProperty(PropertyReader.java:16)
at Reader.PropertyReader.getProperty(PropertyReader.java:16)
at Reader.PropertyReader.getProperty(PropertyReader.java:16)
at Reader.PropertyReader.getProperty(PropertyReader.java:16)
at Reader.PropertyReader.getProperty(PropertyReader.java:16)
at Reader.PropertyReader.getProperty(PropertyReader.java:16)
at Reader.PropertyReader.getProperty(PropertyReader.java:16)
at Reader.PropertyReader.getProperty(PropertyReader.java:16)
at Reader.PropertyReader.getProperty(PropertyReader.java:16)
at Reader.PropertyReader.getProperty(PropertyReader.java:16)
at Reader.PropertyReader.getProperty(PropertyReader.java:16)
at Reader.PropertyReader.getProperty(PropertyReader.java:16)
at Reader.PropertyReader.getProperty(PropertyReader.java:16)
at Reader.PropertyReader.getProperty(PropertyReader.java:16)
at Reader.PropertyReader.getProperty(PropertyReader.java:16)
at Reader.PropertyReader.getProperty(PropertyReader.java:16)
at Reader.PropertyReader.getProperty(PropertyReader.java:16)
at Reader.PropertyReader.getProperty(PropertyReader.java:16)
at Reader.PropertyReader.getProperty(PropertyReader.java:16)
at Reader.PropertyReader.getProperty(PropertyReader.java:16)
at Reader.PropertyReader.getProperty(PropertyReader.java:16)
at Reader.PropertyReader.getProperty(PropertyReader.java:16)
at Reader.PropertyReader.getProperty(PropertyReader.java:16)
at Reader.PropertyReader.getProperty(PropertyReader.java:16)
at Reader.PropertyReader.getProperty(PropertyReader.java:16)
at Reader.PropertyReader.getProperty(PropertyReader.java:16)
at Reader.PropertyReader.getProperty(PropertyReader.java:16)
at Reader.PropertyReader.getProperty(PropertyReader.java:16)
at Reader.PropertyReader.getProperty(PropertyReader.java:16)
at Reader.PropertyReader.getProperty(PropertyReader.java:16)
at Reader.PropertyReader.getProperty(PropertyReader.java:16)
at Reader.PropertyReader.getProperty(PropertyReader.java:16)
at Reader.PropertyReader.getProperty(PropertyReader.java:16)
at Reader.PropertyReader.getProperty(PropertyReader.java:16)
at Reader.PropertyReader.getProperty(PropertyReader.java:16)
at Reader.PropertyReader.getProperty(PropertyReader.java:16)
[...]
at Reader.PropertyReader.getProperty(PropertyReader.java:16)
at Reader.PropertyReader.getProperty(PropertyReader.java:16)
at Reader.PropertyReader.getProperty(PropertyReader.java:16)
at Reader.PropertyReader.getProperty(PropertyReader.java:16)
at Reader.PropertyReader.getProperty(PropertyReader.java:16)
at Reader.PropertyReader.getProperty(PropertyReader.java:16)
at Reader.PropertyReader.getProperty(PropertyReader.java:16)
at Reader.PropertyReader.getProperty(PropertyReader.java:16)
at Reader.PropertyReader.getProperty(PropertyReader.java:16)
at Reader.PropertyReader.getProperty(PropertyReader.java:16)
at Reader.PropertyReader.getProperty(PropertyReader.java:16)
at Reader.PropertyReader.getProperty(PropertyReader.java:16)
at Reader.PropertyReader.getProperty(PropertyReader.java:16)
at Reader.PropertyReader.getProperty(PropertyReader.java:16)
at Reader.PropertyReader.getProperty(PropertyReader.java:16)
at Reader.PropertyReader.getProperty(PropertyReader.java:16)
at Reader.PropertyReader.getProperty(PropertyReader.java:16)
at Reader.PropertyReader.getProperty(PropertyReader.java:16)
at Reader.PropertyReader.getProperty(PropertyReader.java:16)
at Reader.PropertyReader.getProperty(PropertyReader.java:16)
at Reader.PropertyReader.getProperty(PropertyReader.java:16)
at Reader.PropertyReader.getProperty(PropertyReader.java:16)
at Reader.PropertyReader.getProperty(PropertyReader.java:16)
at Reader.PropertyReader.getProperty(PropertyReader.java:16)
at Reader.PropertyReader.getProperty(PropertyReader.java:16)
at Reader.PropertyReader.getProperty(PropertyReader.java:16)
at Reader.PropertyReader.getProperty(PropertyReader.java:16)
at Reader.PropertyReader.getProperty(PropertyReader.java:16)
at Reader.PropertyReader.getProperty(PropertyReader.java:16)
at Reader.PropertyReader.getProperty(PropertyReader.java:16)
at Reader.PropertyReader.getProperty(PropertyReader.java:16)
at Reader.PropertyReader.getProperty(PropertyReader.java:16)
at Reader.PropertyReader.getProperty(PropertyReader.java:16)
at Reader.PropertyReader.getProperty(PropertyReader.java:16)
at Reader.PropertyReader.getProperty(PropertyReader.java:16)
at Reader.PropertyReader.getProperty(PropertyReader.java:16)
at Reader.PropertyReader.getProperty(PropertyReader.java:16)
at Reader.PropertyReader.getProperty(PropertyReader.java:16)
at Reader.PropertyReader.getProperty(PropertyReader.java:16)
at Reader.PropertyReader.getProperty(PropertyReader.java:16)
at Reader.PropertyReader.getProperty(PropertyReader.java:16)
at Reader.PropertyReader.getProperty(PropertyReader.java:16)
at Reader.PropertyReader.getProperty(PropertyReader.java:16)
at Reader.PropertyReader.getProperty(PropertyReader.java:16)
at Reader.PropertyReader.getProperty(PropertyReader.java:16)
at Reader.PropertyReader.getProperty(PropertyReader.java:16)
at Reader.PropertyReader.getProperty(PropertyReader.java:16)
at Reader.PropertyReader.getProperty(PropertyReader.java:16)
at Reader.PropertyReader.getProperty(PropertyReader.java:16)
at Reader.PropertyReader.getProperty(PropertyReader.java:16)
at Reader.PropertyReader.getProperty(PropertyReader.java:16)
at Reader.PropertyReader.getProperty(PropertyReader.java:16)
at Reader.PropertyReader.getProperty(PropertyReader.java:16)
at Reader.PropertyReader.getProperty(PropertyReader.java:16)
at Reader.PropertyReader.getProperty(PropertyReader.java:16)
at Reader.PropertyReader.getProperty(PropertyReader.java:16)
at Reader.PropertyReader.getProperty(PropertyReader.java:16)
at Reader.PropertyReader.getProperty(PropertyReader.java:16)
at Reader.PropertyReader.getProperty(PropertyReader.java:16)
at Reader.PropertyReader.getProperty(PropertyReader.java:16)
at Reader.PropertyReader.getProperty(PropertyReader.java:16)
at Reader.PropertyReader.getProperty(PropertyReader.java:16)
at Reader.PropertyReader.getProperty(PropertyReader.java:16)
at Reader.PropertyReader.getProperty(PropertyReader.java:16)
at Reader.PropertyReader.getProperty(PropertyReader.java:16)
at Reader.PropertyReader.getProperty(PropertyReader.java:16)
at Reader.PropertyReader.getProperty(PropertyReader.java:16)
at Reader.PropertyReader.getProperty(PropertyReader.java:16)
at Reader.PropertyReader.getProperty(PropertyReader.java:16)
at Reader.PropertyReader.getProperty(PropertyReader.java:16)
at Reader.PropertyReader.getProperty(PropertyReader.java:16)
at Reader.PropertyReader.getProperty(PropertyReader.java:16)
at Reader.PropertyReader.getProperty(PropertyReader.java:16)
at Reader.PropertyReader.getProperty(PropertyReader.java:16)
at Reader.PropertyReader.getProperty(PropertyReader.java:16)
at Reader.PropertyReader.getProperty(PropertyReader.java:16)
at Reader.PropertyReader.getProperty(PropertyReader.java:16)
at Reader.PropertyReader.getProperty(PropertyReader.java:16)
at Reader.PropertyReader.getProperty(PropertyReader.java:16)
at Reader.PropertyReader.getProperty(PropertyReader.java:16)
at Reader.PropertyReader.getProperty(PropertyReader.java:16)
at Reader.PropertyReader.getProperty(PropertyReader.java:16)
at Reader.PropertyReader.getProperty(PropertyReader.java:16)
at Reader.PropertyReader.getProperty(PropertyReader.java:16)
at Reader.PropertyReader.getProperty(PropertyReader.java:16)
at Reader.PropertyReader.getProperty(PropertyReader.java:16)
at Reader.PropertyReader.getProperty(PropertyReader.java:16)
at Reader.PropertyReader.getProperty(PropertyReader.java:16)
at Reader.PropertyReader.getProperty(PropertyReader.java:16)
at Reader.PropertyReader.getProperty(PropertyReader.java:16)
at Reader.PropertyReader.getProperty(PropertyReader.java:16)
at Reader.PropertyReader.getProperty(PropertyReader.java:16)
at Reader.PropertyReader.getProperty(PropertyReader.java:16)
at Reader.PropertyReader.getProperty(PropertyReader.java:16)
at Reader.PropertyReader.getProperty(PropertyReader.java:16)
at Reader.PropertyReader.getProperty(PropertyReader.java:16)
at Reader.PropertyReader.getProperty(PropertyReader.java:16)
at Reader.PropertyReader.getProperty(PropertyReader.java:16)
at Reader.PropertyReader.getProperty(PropertyReader.java:16)
at Reader.PropertyReader.getProperty(PropertyReader.java:16)
at Reader.PropertyReader.getProperty(PropertyReader.java:16)
at Reader.PropertyReader.getProperty(PropertyReader.java:16)
at Reader.PropertyReader.getProperty(PropertyReader.java:16)
at Reader.PropertyReader.getProperty(PropertyReader.java:16)
at Reader.PropertyReader.getProperty(PropertyReader.java:16)
at Reader.PropertyReader.getProperty(PropertyReader.java:16)
at Reader.PropertyReader.getProperty(PropertyReader.java:16)
at Reader.PropertyReader.getProperty(PropertyReader.java:16)
at Reader.PropertyReader.getProperty(PropertyReader.java:16)
at Reader.PropertyReader.getProperty(PropertyReader.java:16)
at Reader.PropertyReader.getProperty(PropertyReader.java:16)
at Reader.PropertyReader.getProperty(PropertyReader.java:16)
at Reader.PropertyReader.getProperty(PropertyReader.java:16)
at Reader.PropertyReader.getProperty(PropertyReader.java:16)
at Reader.PropertyReader.getProperty(PropertyReader.java:16)
at Reader.PropertyReader.getProperty(PropertyReader.java:16)
at Reader.PropertyReader.getProperty(PropertyReader.java:16)
at Reader.PropertyReader.getProperty(PropertyReader.java:16)
at Reader.PropertyReader.getProperty(PropertyReader.java:16)
at Reader.PropertyReader.getProperty(PropertyReader.java:16)
at Reader.PropertyReader.getProperty(PropertyReader.java:16)
at Reader.PropertyReader.getProperty(PropertyReader.java:16)
at Reader.PropertyReader.getProperty(PropertyReader.java:16)
at Reader.PropertyReader.getProperty(PropertyReader.java:16)
at Reader.PropertyReader.getProperty(PropertyReader.java:16)
at Reader.PropertyReader.getProperty(PropertyReader.java:16)
at Reader.PropertyReader.getProperty(PropertyReader.java:16)
at Reader.PropertyReader.getProperty(PropertyReader.java:16)
at Reader.PropertyReader.getProperty(PropertyReader.java:16)
at Reader.PropertyReader.getProperty(PropertyReader.java:16)
at Reader.PropertyReader.getProperty(PropertyReader.java:16)
at Reader.PropertyReader.getProperty(PropertyReader.java:16)
at Reader.PropertyReader.getProperty(PropertyReader.java:16)
at Reader.PropertyReader.getProperty(PropertyReader.java:16)
at Reader.PropertyReader.getProperty(PropertyReader.java:16)
at Reader.PropertyReader.getProperty(PropertyReader.java:16)
at Reader.PropertyReader.getProperty(PropertyReader.java:16)
at Reader.PropertyReader.getProperty(PropertyReader.java:16)
at Reader.PropertyReader.getProperty(PropertyReader.java:16)
at Reader.PropertyReader.getProperty(PropertyReader.java:16)
at Reader.PropertyReader.getProperty(PropertyReader.java:16)
at Reader.PropertyReader.getProperty(PropertyReader.java:16)
at Reader.PropertyReader.getProperty(PropertyReader.java:16)
at Reader.PropertyReader.getProperty(PropertyReader.java:16)
at Reader.PropertyReader.getProperty(PropertyReader.java:16)
at Reader.PropertyReader.getProperty(PropertyReader.java:16)
at Reader.PropertyReader.getProperty(PropertyReader.java:16)
at Reader.PropertyReader.getProperty(PropertyReader.java:16)
at Reader.PropertyReader.getProperty(PropertyReader.java:16)
at Reader.PropertyReader.getProperty(PropertyReader.java:16)
at Reader.PropertyReader.getProperty(PropertyReader.java:16)
at Reader.PropertyReader.getProperty(PropertyReader.java:16)
at Reader.PropertyReader.getProperty(PropertyReader.java:16)
at Reader.PropertyReader.getProperty(PropertyReader.java:16)
at Reader.PropertyReader.getProperty(PropertyReader.java:16)
at Reader.PropertyReader.getProperty(PropertyReader.java:16)
at Reader.PropertyReader.getProperty(PropertyReader.java:16)
at Reader.PropertyReader.getProperty(PropertyReader.java:16)
at Reader.PropertyReader.getProperty(PropertyReader.java:16)
at Reader.PropertyReader.getProperty(PropertyReader.java:16)
at Reader.PropertyReader.getProperty(PropertyReader.java:16)
at Reader.PropertyReader.getProperty(PropertyReader.java:16)
at Reader.PropertyReader.getProperty(PropertyReader.java:16)
at Reader.PropertyReader.getProperty(PropertyReader.java:16)
at Reader.PropertyReader.getProperty(PropertyReader.java:16)
at Reader.PropertyReader.getProperty(PropertyReader.java:16)
at Reader.PropertyReader.getProperty(PropertyReader.java:16)
at Reader.PropertyReader.getProperty(PropertyReader.java:16)
at Reader.PropertyReader.getProperty(PropertyReader.java:16)
at Reader.PropertyReader.getProperty(PropertyReader.java:16)
at Reader.PropertyReader.getProperty(PropertyReader.java:16)
at Reader.PropertyReader.getProperty(PropertyReader.java:16)
at Reader.PropertyReader.getProperty(PropertyReader.java:16)
at Reader.PropertyReader.getProperty(PropertyReader.java:16)
at Reader.PropertyReader.getProperty(PropertyReader.java:16)
at Reader.PropertyReader.getProperty(PropertyReader.java:16)
at Reader.PropertyReader.getProperty(PropertyReader.java:16)
at Reader.PropertyReader.getProperty(PropertyReader.java:16)
at Reader.PropertyReader.getProperty(PropertyReader.java:16)
at Reader.PropertyReader.getProperty(PropertyReader.java:16)
at Reader.PropertyReader.getProperty(PropertyReader.java:16)
at Reader.PropertyReader.getProperty(PropertyReader.java:16)
at Reader.PropertyReader.getProperty(PropertyReader.java:16)
at Reader.PropertyReader.getProperty(PropertyReader.java:16)
at Reader.PropertyReader.getProperty(PropertyReader.java:16)
at Reader.PropertyReader.getProperty(PropertyReader.java:16)
at Reader.PropertyReader.getProperty(PropertyReader.java:16)
at Reader.PropertyReader.getProperty(PropertyReader.java:16)
at Reader.PropertyReader.getProperty(PropertyReader.java:16)
at Reader.PropertyReader.getProperty(PropertyReader.java:16)
at Reader.PropertyReader.getProperty(PropertyReader.java:16)
at Reader.PropertyReader.getProperty(PropertyReader.java:16)
at Reader.PropertyReader.getProperty(PropertyReader.java:16)
at Reader.PropertyReader.getProperty(PropertyReader.java:16)
at Reader.PropertyReader.getProperty(PropertyReader.java:16)
at Reader.PropertyReader.getProperty(PropertyReader.java:16)
at Reader.PropertyReader.getProperty(PropertyReader.java:16)
at Reader.PropertyReader.getProperty(PropertyReader.java:16)
at Reader.PropertyReader.getProperty(PropertyReader.java:16)
at Reader.PropertyReader.getProperty(PropertyReader.java:16)
at Reader.PropertyReader.getProperty(PropertyReader.java:16)
at Reader.PropertyReader.getProperty(PropertyReader.java:16)
at Reader.PropertyReader.getProperty(PropertyReader.java:16)
at Reader.PropertyReader.getProperty(PropertyReader.java:16)
at Reader.PropertyReader.getProperty(PropertyReader.java:16)
at Reader.PropertyReader.getProperty(PropertyReader.java:16)
at Reader.PropertyReader.getProperty(PropertyReader.java:16)
at Reader.PropertyReader.getProperty(PropertyReader.java:16)
at Reader.PropertyReader.getProperty(PropertyReader.java:16)
at Reader.PropertyReader.getProperty(PropertyReader.java:16)
at Reader.PropertyReader.getProperty(PropertyReader.java:16)
at Reader.PropertyReader.getProperty(PropertyReader.java:16)
at Reader.PropertyReader.getProperty(PropertyReader.java:16)
at Reader.PropertyReader.getProperty(PropertyReader.java:16)
at Reader.PropertyReader.getProperty(PropertyReader.java:16)
at Reader.PropertyReader.getProperty(PropertyReader.java:16)
at Reader.PropertyReader.getProperty(PropertyReader.java:16)
at Reader.PropertyReader.getProperty(PropertyReader.java:16)
at Reader.PropertyReader.getProperty(PropertyReader.java:16)
at Reader.PropertyReader.getProperty(PropertyReader.java:16)
at Reader.PropertyReader.getProperty(PropertyReader.java:16)
at Reader.PropertyReader.getProperty(PropertyReader.java:16)
at Reader.PropertyReader.getProperty(PropertyReader.java:16)
at Reader.PropertyReader.getProperty(PropertyReader.java:16)
at Reader.PropertyReader.getProperty(PropertyReader.java:16)
at Reader.PropertyReader.getProperty(PropertyReader.java:16)
at Reader.PropertyReader.getProperty(PropertyReader.java:16)
at Reader.PropertyReader.getProperty(PropertyReader.java:16)
at Reader.PropertyReader.getProperty(PropertyReader.java:16)
at Reader.PropertyReader.getProperty(PropertyReader.java:16)
at Reader.PropertyReader.getProperty(PropertyReader.java:16)
at Reader.PropertyReader.getProperty(PropertyReader.java:16)
at Reader.PropertyReader.getProperty(PropertyReader.java:16)
at Reader.PropertyReader.getProperty(PropertyReader.java:16)
at Reader.PropertyReader.getProperty(PropertyReader.java:16)
at Reader.PropertyReader.getProperty(PropertyReader.java:16)
at Reader.PropertyReader.getProperty(PropertyReader.java:16)
at Reader.PropertyReader.getProperty(PropertyReader.java:16)
at Reader.PropertyReader.getProperty(PropertyReader.java:16)
at Reader.PropertyReader.getProperty(PropertyReader.java:16)
at Reader.PropertyReader.getProperty(PropertyReader.java:16)
at Reader.PropertyReader.getProperty(PropertyReader.java:16)
at Reader.PropertyReader.getProperty(PropertyReader.java:16)
at Reader.PropertyReader.getProperty(PropertyReader.java:16)
at Reader.PropertyReader.getProperty(PropertyReader.java:16)
at Reader.PropertyReader.getProperty(PropertyReader.java:16)
at Reader.PropertyReader.getProperty(PropertyReader.java:16)
at Reader.PropertyReader.getProperty(PropertyReader.java:16)
at Reader.PropertyReader.getProperty(PropertyReader.java:16)
at Reader.PropertyReader.getProperty(PropertyReader.java:16)
at Reader.PropertyReader.getProperty(PropertyReader.java:16)
at Reader.PropertyReader.getProperty(PropertyReader.java:16)
at Reader.PropertyReader.getProperty(PropertyReader.java:16)
at Reader.PropertyReader.getProperty(PropertyReader.java:16)
at Reader.PropertyReader.getProperty(PropertyReader.java:16)
at Reader.PropertyReader.getProperty(PropertyReader.java:16)
at Reader.PropertyReader.getProperty(PropertyReader.java:16)
at Reader.PropertyReader.getProperty(PropertyReader.java:16)
at Reader.PropertyReader.getProperty(PropertyReader.java:16)
at Reader.PropertyReader.getProperty(PropertyReader.java:16)
at Reader.PropertyReader.getProperty(PropertyReader.java:16)
at Reader.PropertyReader.getProperty(PropertyReader.java:16)
at Reader.PropertyReader.getProperty(PropertyReader.java:16)
at Reader.PropertyReader.getProperty(PropertyReader.java:16)
at Reader.PropertyReader.getProperty(PropertyReader.java:16)
at Reader.PropertyReader.getProperty(PropertyReader.java:16)
at Reader.PropertyReader.getProperty(PropertyReader.java:16)
at Reader.PropertyReader.getProperty(PropertyReader.java:16)
at Reader.PropertyReader.getProperty(PropertyReader.java:16)
at Reader.PropertyReader.getProperty(PropertyReader.java:16)
at Reader.PropertyReader.getProperty(PropertyReader.java:16)
at Reader.PropertyReader.getProperty(PropertyReader.java:16)
at Reader.PropertyReader.getProperty(PropertyReader.java:16)
at Reader.PropertyReader.getProperty(PropertyReader.java:16)
at Reader.PropertyReader.getProperty(PropertyReader.java:16)
at Reader.PropertyReader.getProperty(PropertyReader.java:16)
at Reader.PropertyReader.getProperty(PropertyReader.java:16)
at Reader.PropertyReader.getProperty(PropertyReader.java:16)
at Reader.PropertyReader.getProperty(PropertyReader.java:16)
at Reader.PropertyReader.getProperty(PropertyReader.java:16)
at Reader.PropertyReader.getProperty(PropertyReader.java:16)
at Reader.PropertyReader.getProperty(PropertyReader.java:16)
at Reader.PropertyReader.getProperty(PropertyReader.java:16)
at Reader.PropertyReader.getProperty(PropertyReader.java:16)
at Reader.PropertyReader.getProperty(PropertyReader.java:16)
at Reader.PropertyReader.getProperty(PropertyReader.java:16)
at Reader.PropertyReader.getProperty(PropertyReader.java:16)
at Reader.PropertyReader.getProperty(PropertyReader.java:16)
at Reader.PropertyReader.getProperty(PropertyReader.java:16)
at Reader.PropertyReader.getProperty(PropertyReader.java:16)
at Reader.PropertyReader.getProperty(PropertyReader.java:16)
at Reader.PropertyReader.getProperty(PropertyReader.java:16)
at Reader.PropertyReader.getProperty(PropertyReader.java:16)
at Reader.PropertyReader.getProperty(PropertyReader.java:16)
at Reader.PropertyReader.getProperty(PropertyReader.java:16)
at Reader.PropertyReader.getProperty(PropertyReader.java:16)
at Reader.PropertyReader.getProperty(PropertyReader.java:16)
at Reader.PropertyReader.getProperty(PropertyReader.java:16)
at Reader.PropertyReader.getProperty(PropertyReader.java:16)
at Reader.PropertyReader.getProperty(PropertyReader.java:16)
at Reader.PropertyReader.getProperty(PropertyReader.java:16)
at Reader.PropertyReader.getProperty(PropertyReader.java:16)
at Reader.PropertyReader.getProperty(PropertyReader.java:16)
at Reader.PropertyReader.getProperty(PropertyReader.java:16)
at Reader.PropertyReader.getProperty(PropertyReader.java:16)
at Reader.PropertyReader.getProperty(PropertyReader.java:16)
at Reader.PropertyReader.getProperty(PropertyReader.java:16)
at Reader.PropertyReader.getProperty(PropertyReader.java:16)
at Reader.PropertyReader.getProperty(PropertyReader.java:16)
at Reader.PropertyReader.getProperty(PropertyReader.java:16)
at Reader.PropertyReader.getProperty(PropertyReader.java:16)
at Reader.PropertyReader.getProperty(PropertyReader.java:16)
at Reader.PropertyReader.getProperty(PropertyReader.java:16)
at Reader.PropertyReader.getProperty(PropertyReader.java:16)
at Reader.PropertyReader.getProperty(PropertyReader.java:16)
at Reader.PropertyReader.getProperty(PropertyReader.java:16)
at Reader.PropertyReader.getProperty(PropertyReader.java:16)
at Reader.PropertyReader.getProperty(PropertyReader.java:16)
at Reader.PropertyReader.getProperty(PropertyReader.java:16)
at Reader.PropertyReader.getProperty(PropertyReader.java:16)
at Reader.PropertyReader.getProperty(PropertyReader.java:16)
at Reader.PropertyReader.getProperty(PropertyReader.java:16)
at Reader.PropertyReader.getProperty(PropertyReader.java:16)
at ✽.user add Reuest spec builder with all http request(file:///C:/Users/Pratik%20Gadekar/git/RestAssured/src/test/java/features/employeeApi.feature:4)
]]>
    </failure>
  </testcase> <!-- runScenario -->
</testsuite> <!-- Default test -->
