<?xml version="1.0" encoding="UTF-8"?>
<testng-results ignored="0" total="5" passed="5" failed="0" skipped="0">
  <reporter-output>
  </reporter-output>
  <suite started-at="2025-12-05T13:20:54 IST" name="Api Test suite" finished-at="2025-12-05T13:21:25 IST" duration-ms="30761">
    <groups>
      <group name="cucumber">
        <method signature="AbstractTestNGCucumberTests.runScenario(io.cucumber.testng.PickleWrapper,io.cucumber.testng.FeatureWrapper)[pri:0, instance:runner.TestRunner1@5552768b]" name="runScenario" class="io.cucumber.testng.AbstractTestNGCucumberTests"/>
        <method signature="AbstractTestNGCucumberTests.runScenario(io.cucumber.testng.PickleWrapper,io.cucumber.testng.FeatureWrapper)[pri:0, instance:runner.TestRunner@e7edb54]" name="runScenario" class="io.cucumber.testng.AbstractTestNGCucumberTests"/>
      </group> <!-- cucumber -->
    </groups>
    <test started-at="2025-12-05T13:20:54 IST" name="Customer Test Api" finished-at="2025-12-05T13:21:15 IST" duration-ms="20568">
      <class name="runner.TestRunner1">
        <test-method is-config="true" signature="setUpClass(org.testng.ITestContext)[pri:0, instance:runner.TestRunner1@5552768b]" started-at="2025-12-05T13:20:54 IST" name="setUpClass" finished-at="2025-12-05T13:20:55 IST" duration-ms="1093" status="PASS">
          <params>
            <param index="0">
              <value>
                <![CDATA[org.testng.TestRunner@4fb57fb3]]>
              </value>
            </param>
          </params>
          <reporter-output>
          </reporter-output>
        </test-method> <!-- setUpClass -->
        <test-method signature="runScenario(io.cucumber.testng.PickleWrapper,io.cucumber.testng.FeatureWrapper)[pri:0, instance:runner.TestRunner1@5552768b]" started-at="2025-12-05T13:20:55 IST" name="runScenario" description="Runs Cucumber Scenarios" data-provider="scenarios" finished-at="2025-12-05T13:21:14 IST" duration-ms="18823" status="PASS">
          <params>
            <param index="0">
              <value>
                <![CDATA["Create Customer Entity"]]>
              </value>
            </param>
            <param index="1">
              <value>
                <![CDATA["Test All Customer Endpoints"]]>
              </value>
            </param>
          </params>
          <reporter-output>
          </reporter-output>
        </test-method> <!-- runScenario -->
        <test-method is-config="true" signature="tearDownClass()[pri:0, instance:runner.TestRunner1@5552768b]" started-at="2025-12-05T13:21:14 IST" name="tearDownClass" finished-at="2025-12-05T13:21:15 IST" duration-ms="313" status="PASS">
          <reporter-output>
          </reporter-output>
        </test-method> <!-- tearDownClass -->
      </class> <!-- runner.TestRunner1 -->
    </test> <!-- Customer Test Api -->
    <test started-at="2025-12-05T13:21:18 IST" name="Employee Test Api" finished-at="2025-12-05T13:21:25 IST" duration-ms="7027">
      <class name="runner.TestRunner">
        <test-method is-config="true" signature="setUpClass(org.testng.ITestContext)[pri:0, instance:runner.TestRunner@e7edb54]" started-at="2025-12-05T13:21:18 IST" name="setUpClass" finished-at="2025-12-05T13:21:18 IST" duration-ms="413" status="PASS">
          <params>
            <param index="0">
              <value>
                <![CDATA[org.testng.TestRunner@6b063470]]>
              </value>
            </param>
          </params>
          <reporter-output>
          </reporter-output>
        </test-method> <!-- setUpClass -->
        <test-method signature="runScenario(io.cucumber.testng.PickleWrapper,io.cucumber.testng.FeatureWrapper)[pri:0, instance:runner.TestRunner@e7edb54]" started-at="2025-12-05T13:21:18 IST" name="runScenario" description="Runs Cucumber Scenarios" data-provider="scenarios" finished-at="2025-12-05T13:21:22 IST" duration-ms="3932" status="PASS">
          <params>
            <param index="0">
              <value>
                <![CDATA["Create new Employee entity"]]>
              </value>
            </param>
            <param index="1">
              <value>
                <![CDATA["Test Employee EndPoints"]]>
              </value>
            </param>
          </params>
          <reporter-output>
          </reporter-output>
        </test-method> <!-- runScenario -->
        <test-method signature="runScenario(io.cucumber.testng.PickleWrapper,io.cucumber.testng.FeatureWrapper)[pri:0, instance:runner.TestRunner@e7edb54]" started-at="2025-12-05T13:21:22 IST" name="runScenario" description="Runs Cucumber Scenarios" data-provider="scenarios" finished-at="2025-12-05T13:21:24 IST" duration-ms="2169" status="PASS">
          <params>
            <param index="0">
              <value>
                <![CDATA["Retrieve created employee"]]>
              </value>
            </param>
            <param index="1">
              <value>
                <![CDATA["Test Employee EndPoints"]]>
              </value>
            </param>
          </params>
          <reporter-output>
          </reporter-output>
        </test-method> <!-- runScenario -->
        <test-method signature="runScenario(io.cucumber.testng.PickleWrapper,io.cucumber.testng.FeatureWrapper)[pri:0, instance:runner.TestRunner@e7edb54]" started-at="2025-12-05T13:21:24 IST" name="runScenario" description="Runs Cucumber Scenarios" data-provider="scenarios" finished-at="2025-12-05T13:21:25 IST" duration-ms="352" status="PASS">
          <params>
            <param index="0">
              <value>
                <![CDATA["Update employee Entity"]]>
              </value>
            </param>
            <param index="1">
              <value>
                <![CDATA["Test Employee EndPoints"]]>
              </value>
            </param>
          </params>
          <reporter-output>
          </reporter-output>
        </test-method> <!-- runScenario -->
        <test-method signature="runScenario(io.cucumber.testng.PickleWrapper,io.cucumber.testng.FeatureWrapper)[pri:0, instance:runner.TestRunner@e7edb54]" started-at="2025-12-05T13:21:25 IST" name="runScenario" description="Runs Cucumber Scenarios" data-provider="scenarios" finished-at="2025-12-05T13:21:25 IST" duration-ms="119" status="PASS">
          <params>
            <param index="0">
              <value>
                <![CDATA["Delete employee entity"]]>
              </value>
            </param>
            <param index="1">
              <value>
                <![CDATA["Test Employee EndPoints"]]>
              </value>
            </param>
          </params>
          <reporter-output>
          </reporter-output>
        </test-method> <!-- runScenario -->
        <test-method is-config="true" signature="tearDownClass()[pri:0, instance:runner.TestRunner@e7edb54]" started-at="2025-12-05T13:21:25 IST" name="tearDownClass" finished-at="2025-12-05T13:21:25 IST" duration-ms="12" status="PASS">
          <reporter-output>
          </reporter-output>
        </test-method> <!-- tearDownClass -->
      </class> <!-- runner.TestRunner -->
    </test> <!-- Employee Test Api -->
  </suite> <!-- Api Test suite -->
</testng-results>
