<?xml version="1.0" encoding="UTF-8"?>
<!-- Generated by org.testng.reporters.JUnitReportReporter -->
<testsuite hostname="DESKTOP-R7FF1R2" failures="0" tests="4" name="runner.TestRunner" time="6.572" errors="0" timestamp="2025-12-05T13:21:26 IST" skipped="0">
  <testcase classname="runner.TestRunner" name="runScenario" time="3.932"/>
  <system-out/>
  <testcase classname="runner.TestRunner" name="runScenario" time="2.169"/>
  <system-out/>
  <testcase classname="runner.TestRunner" name="runScenario" time="0.352"/>
  <system-out/>
  <testcase classname="runner.TestRunner" name="runScenario" time="0.119"/>
  <system-out/>
</testsuite> <!-- runner.TestRunner -->
