<?xml version="1.0" encoding="UTF-8"?>
<!-- Generated by org.testng.reporters.JUnitReportReporter -->
<testsuite hostname="DESKTOP-R7FF1R2" failures="0" tests="4" name="runner.TestRunner" time="12.544" errors="0" timestamp="2025-12-03T23:45:35 IST" skipped="0">
  <testcase classname="runner.TestRunner" name="runScenario" time="1.246"/>
  <system-out/>
  <testcase classname="runner.TestRunner" name="runScenario" time="10.682"/>
  <system-out/>
  <testcase classname="runner.TestRunner" name="runScenario" time="0.415"/>
  <system-out/>
  <testcase classname="runner.TestRunner" name="runScenario" time="0.201"/>
  <system-out/>
</testsuite> <!-- runner.TestRunner -->
